  [1m[36m (165.1ms)[0m  [1mCREATE TABLE "schema_migrations" ("version" varchar NOT NULL) [0m
  [1m[35m (0.2ms)[0m  select sqlite_version(*)
  [1m[36m (121.3ms)[0m  [1mCREATE UNIQUE INDEX "unique_schema_migrations" ON "schema_migrations" ("version")[0m
  [1m[35mActiveRecord::SchemaMigration Load (0.2ms)[0m  SELECT "schema_migrations".* FROM "schema_migrations"
Migrating to CreatePins (20150416040630)
  [1m[36m (0.2ms)[0m  [1mbegin transaction[0m
  [1m[35m (0.9ms)[0m  CREATE TABLE "pins" ("id" INTEGER PRIMARY KEY AUTOINCREMENT NOT NULL, "title" varchar, "description" text, "created_at" datetime NOT NULL, "updated_at" datetime NOT NULL) 
  [1m[36mSQL (0.4ms)[0m  [1mINSERT INTO "schema_migrations" ("version") VALUES (?)[0m  [["version", "20150416040630"]]
  [1m[35m (116.3ms)[0m  commit transaction
  [1m[36mActiveRecord::SchemaMigration Load (0.2ms)[0m  [1mSELECT "schema_migrations".* FROM "schema_migrations"[0m


Started GET "/" for 127.0.0.1 at 2015-04-16 11:27:11 +0700
  [1m[36mActiveRecord::SchemaMigration Load (0.3ms)[0m  [1mSELECT "schema_migrations".* FROM "schema_migrations"[0m
Processing by PinsController#index as HTML
Completed 500 Internal Server Error in 103ms

ActionView::MissingTemplate (Missing template pins/index, application/index with {:locale=>[:en], :formats=>[:html], :variants=>[], :handlers=>[:erb, :builder, :raw, :ruby, :coffee, :haml, :jbuilder]}. Searched in:
  * "/home/rickyjanuari/rails/pinpinterest/app/views"
):
  actionview (4.2.0) lib/action_view/path_set.rb:46:in `find'
  actionview (4.2.0) lib/action_view/lookup_context.rb:121:in `find'
  actionview (4.2.0) lib/action_view/renderer/abstract_renderer.rb:18:in `find_template'
  actionview (4.2.0) lib/action_view/renderer/template_renderer.rb:40:in `determine_template'
  actionview (4.2.0) lib/action_view/renderer/template_renderer.rb:8:in `render'
  actionview (4.2.0) lib/action_view/renderer/renderer.rb:42:in `render_template'
  actionview (4.2.0) lib/action_view/renderer/renderer.rb:23:in `render'
  actionview (4.2.0) lib/action_view/rendering.rb:100:in `_render_template'
  actionpack (4.2.0) lib/action_controller/metal/streaming.rb:217:in `_render_template'
  actionview (4.2.0) lib/action_view/rendering.rb:83:in `render_to_body'
  actionpack (4.2.0) lib/action_controller/metal/rendering.rb:32:in `render_to_body'
  actionpack (4.2.0) lib/action_controller/metal/renderers.rb:37:in `render_to_body'
  actionpack (4.2.0) lib/abstract_controller/rendering.rb:25:in `render'
  actionpack (4.2.0) lib/action_controller/metal/rendering.rb:16:in `render'
  actionpack (4.2.0) lib/action_controller/metal/instrumentation.rb:41:in `block (2 levels) in render'
  activesupport (4.2.0) lib/active_support/core_ext/benchmark.rb:12:in `block in ms'
  /home/rickyjanuari/.rbenv/versions/2.2.1/lib/ruby/2.2.0/benchmark.rb:303:in `realtime'
  activesupport (4.2.0) lib/active_support/core_ext/benchmark.rb:12:in `ms'
  actionpack (4.2.0) lib/action_controller/metal/instrumentation.rb:41:in `block in render'
  actionpack (4.2.0) lib/action_controller/metal/instrumentation.rb:84:in `cleanup_view_runtime'
  activerecord (4.2.0) lib/active_record/railties/controller_runtime.rb:25:in `cleanup_view_runtime'
  actionpack (4.2.0) lib/action_controller/metal/instrumentation.rb:40:in `render'
  actionpack (4.2.0) lib/action_controller/metal/implicit_render.rb:10:in `default_render'
  actionpack (4.2.0) lib/action_controller/metal/implicit_render.rb:5:in `send_action'
  actionpack (4.2.0) lib/abstract_controller/base.rb:198:in `process_action'
  actionpack (4.2.0) lib/action_controller/metal/rendering.rb:10:in `process_action'
  actionpack (4.2.0) lib/abstract_controller/callbacks.rb:20:in `block in process_action'
  activesupport (4.2.0) lib/active_support/callbacks.rb:117:in `call'
  activesupport (4.2.0) lib/active_support/callbacks.rb:117:in `call'
  activesupport (4.2.0) lib/active_support/callbacks.rb:234:in `block in halting'
  activesupport (4.2.0) lib/active_support/callbacks.rb:234:in `call'
  activesupport (4.2.0) lib/active_support/callbacks.rb:234:in `block in halting'
  activesupport (4.2.0) lib/active_support/callbacks.rb:169:in `call'
  activesupport (4.2.0) lib/active_support/callbacks.rb:169:in `block in halting'
  activesupport (4.2.0) lib/active_support/callbacks.rb:169:in `call'
  activesupport (4.2.0) lib/active_support/callbacks.rb:169:in `block in halting'
  activesupport (4.2.0) lib/active_support/callbacks.rb:169:in `call'
  activesupport (4.2.0) lib/active_support/callbacks.rb:169:in `block in halting'
  activesupport (4.2.0) lib/active_support/callbacks.rb:92:in `call'
  activesupport (4.2.0) lib/active_support/callbacks.rb:92:in `_run_callbacks'
  activesupport (4.2.0) lib/active_support/callbacks.rb:734:in `_run_process_action_callbacks'
  activesupport (4.2.0) lib/active_support/callbacks.rb:81:in `run_callbacks'
  actionpack (4.2.0) lib/abstract_controller/callbacks.rb:19:in `process_action'
  actionpack (4.2.0) lib/action_controller/metal/rescue.rb:29:in `process_action'
  actionpack (4.2.0) lib/action_controller/metal/instrumentation.rb:31:in `block in process_action'
  activesupport (4.2.0) lib/active_support/notifications.rb:164:in `block in instrument'
  activesupport (4.2.0) lib/active_support/notifications/instrumenter.rb:20:in `instrument'
  activesupport (4.2.0) lib/active_support/notifications.rb:164:in `instrument'
  actionpack (4.2.0) lib/action_controller/metal/instrumentation.rb:30:in `process_action'
  actionpack (4.2.0) lib/action_controller/metal/params_wrapper.rb:250:in `process_action'
  activerecord (4.2.0) lib/active_record/railties/controller_runtime.rb:18:in `process_action'
  actionpack (4.2.0) lib/abstract_controller/base.rb:137:in `process'
  actionview (4.2.0) lib/action_view/rendering.rb:30:in `process'
  actionpack (4.2.0) lib/action_controller/metal.rb:195:in `dispatch'
  actionpack (4.2.0) lib/action_controller/metal/rack_delegation.rb:13:in `dispatch'
  actionpack (4.2.0) lib/action_controller/metal.rb:236:in `block in action'
  actionpack (4.2.0) lib/action_dispatch/routing/route_set.rb:73:in `call'
  actionpack (4.2.0) lib/action_dispatch/routing/route_set.rb:73:in `dispatch'
  actionpack (4.2.0) lib/action_dispatch/routing/route_set.rb:42:in `serve'
  actionpack (4.2.0) lib/action_dispatch/journey/router.rb:43:in `block in serve'
  actionpack (4.2.0) lib/action_dispatch/journey/router.rb:30:in `each'
  actionpack (4.2.0) lib/action_dispatch/journey/router.rb:30:in `serve'
  actionpack (4.2.0) lib/action_dispatch/routing/route_set.rb:802:in `call'
  rack (1.6.0) lib/rack/etag.rb:24:in `call'
  rack (1.6.0) lib/rack/conditionalget.rb:25:in `call'
  rack (1.6.0) lib/rack/head.rb:13:in `call'
  actionpack (4.2.0) lib/action_dispatch/middleware/params_parser.rb:27:in `call'
  actionpack (4.2.0) lib/action_dispatch/middleware/flash.rb:260:in `call'
  rack (1.6.0) lib/rack/session/abstract/id.rb:225:in `context'
  rack (1.6.0) lib/rack/session/abstract/id.rb:220:in `call'
  actionpack (4.2.0) lib/action_dispatch/middleware/cookies.rb:560:in `call'
  activerecord (4.2.0) lib/active_record/query_cache.rb:36:in `call'
  activerecord (4.2.0) lib/active_record/connection_adapters/abstract/connection_pool.rb:647:in `call'
  activerecord (4.2.0) lib/active_record/migration.rb:378:in `call'
  actionpack (4.2.0) lib/action_dispatch/middleware/callbacks.rb:29:in `block in call'
  activesupport (4.2.0) lib/active_support/callbacks.rb:88:in `call'
  activesupport (4.2.0) lib/active_support/callbacks.rb:88:in `_run_callbacks'
  activesupport (4.2.0) lib/active_support/callbacks.rb:734:in `_run_call_callbacks'
  activesupport (4.2.0) lib/active_support/callbacks.rb:81:in `run_callbacks'
  actionpack (4.2.0) lib/action_dispatch/middleware/callbacks.rb:27:in `call'
  actionpack (4.2.0) lib/action_dispatch/middleware/reloader.rb:73:in `call'
  actionpack (4.2.0) lib/action_dispatch/middleware/remote_ip.rb:78:in `call'
  actionpack (4.2.0) lib/action_dispatch/middleware/debug_exceptions.rb:17:in `call'
  web-console (2.1.2) lib/web_console/middleware.rb:37:in `call'
  actionpack (4.2.0) lib/action_dispatch/middleware/show_exceptions.rb:30:in `call'
  railties (4.2.0) lib/rails/rack/logger.rb:38:in `call_app'
  railties (4.2.0) lib/rails/rack/logger.rb:20:in `block in call'
  activesupport (4.2.0) lib/active_support/tagged_logging.rb:68:in `block in tagged'
  activesupport (4.2.0) lib/active_support/tagged_logging.rb:26:in `tagged'
  activesupport (4.2.0) lib/active_support/tagged_logging.rb:68:in `tagged'
  railties (4.2.0) lib/rails/rack/logger.rb:20:in `call'
  actionpack (4.2.0) lib/action_dispatch/middleware/request_id.rb:21:in `call'
  rack (1.6.0) lib/rack/methodoverride.rb:22:in `call'
  rack (1.6.0) lib/rack/runtime.rb:18:in `call'
  activesupport (4.2.0) lib/active_support/cache/strategy/local_cache_middleware.rb:28:in `call'
  rack (1.6.0) lib/rack/lock.rb:17:in `call'
  actionpack (4.2.0) lib/action_dispatch/middleware/static.rb:113:in `call'
  rack (1.6.0) lib/rack/sendfile.rb:113:in `call'
  railties (4.2.0) lib/rails/engine.rb:518:in `call'
  railties (4.2.0) lib/rails/application.rb:164:in `call'
  rack (1.6.0) lib/rack/lock.rb:17:in `call'
  rack (1.6.0) lib/rack/content_length.rb:15:in `call'
  rack (1.6.0) lib/rack/handler/webrick.rb:89:in `service'
  /home/rickyjanuari/.rbenv/versions/2.2.1/lib/ruby/2.2.0/webrick/httpserver.rb:138:in `service'
  /home/rickyjanuari/.rbenv/versions/2.2.1/lib/ruby/2.2.0/webrick/httpserver.rb:94:in `run'
  /home/rickyjanuari/.rbenv/versions/2.2.1/lib/ruby/2.2.0/webrick/server.rb:294:in `block in start_thread'


  Rendered /home/rickyjanuari/.rbenv/versions/2.2.1/lib/ruby/gems/2.2.0/gems/actionpack-4.2.0/lib/action_dispatch/middleware/templates/rescues/_source.erb (13.5ms)
  Rendered /home/rickyjanuari/.rbenv/versions/2.2.1/lib/ruby/gems/2.2.0/gems/actionpack-4.2.0/lib/action_dispatch/middleware/templates/rescues/_trace.html.erb (5.6ms)
  Rendered /home/rickyjanuari/.rbenv/versions/2.2.1/lib/ruby/gems/2.2.0/gems/actionpack-4.2.0/lib/action_dispatch/middleware/templates/rescues/_request_and_response.html.erb (1.7ms)
  Rendered /home/rickyjanuari/.rbenv/versions/2.2.1/lib/ruby/gems/2.2.0/gems/actionpack-4.2.0/lib/action_dispatch/middleware/templates/rescues/missing_template.html.erb within rescues/layout (85.8ms)
  Rendered /home/rickyjanuari/.rbenv/versions/2.2.1/lib/ruby/gems/2.2.0/gems/web-console-2.1.2/lib/web_console/templates/_markup.html.erb (0.6ms)
  Rendered /home/rickyjanuari/.rbenv/versions/2.2.1/lib/ruby/gems/2.2.0/gems/web-console-2.1.2/lib/web_console/templates/style.css.erb within layouts/inlined_string (0.6ms)
  Rendered /home/rickyjanuari/.rbenv/versions/2.2.1/lib/ruby/gems/2.2.0/gems/web-console-2.1.2/lib/web_console/templates/_inner_console_markup.html.erb within layouts/inlined_string (0.6ms)
  Rendered /home/rickyjanuari/.rbenv/versions/2.2.1/lib/ruby/gems/2.2.0/gems/web-console-2.1.2/lib/web_console/templates/_prompt_box_markup.html.erb within layouts/inlined_string (0.6ms)
  Rendered /home/rickyjanuari/.rbenv/versions/2.2.1/lib/ruby/gems/2.2.0/gems/web-console-2.1.2/lib/web_console/templates/console.js.erb within layouts/javascript (48.0ms)
  Rendered /home/rickyjanuari/.rbenv/versions/2.2.1/lib/ruby/gems/2.2.0/gems/web-console-2.1.2/lib/web_console/templates/main.js.erb within layouts/javascript (0.6ms)
  Rendered /home/rickyjanuari/.rbenv/versions/2.2.1/lib/ruby/gems/2.2.0/gems/web-console-2.1.2/lib/web_console/templates/error_page.js.erb within layouts/javascript (0.8ms)
  Rendered /home/rickyjanuari/.rbenv/versions/2.2.1/lib/ruby/gems/2.2.0/gems/web-console-2.1.2/lib/web_console/templates/index.html.erb (106.8ms)


Started GET "/" for 127.0.0.1 at 2015-04-16 11:28:17 +0700
Processing by PinsController#index as HTML
  Rendered pins/index.html.erb within layouts/application (0.7ms)
Completed 200 OK in 2629ms (Views: 2614.5ms | ActiveRecord: 0.0ms)


Started GET "/assets/pins.self-e3b0c44298fc1c149afbf4c8996fb92427ae41e4649b934ca495991b7852b855.css?body=1" for 127.0.0.1 at 2015-04-16 11:28:20 +0700


Started GET "/assets/jquery.self-d03a5518f45df77341bdbe6201ba3bfa547ebba8ed64f0ea56bfa5f96ea7c074.js?body=1" for 127.0.0.1 at 2015-04-16 11:28:20 +0700


Started GET "/assets/pins.self-877aef30ae1b040ab8a3aba4e3e309a11d7f2612f44dde450b5c157aa5f95c05.js?body=1" for 127.0.0.1 at 2015-04-16 11:28:20 +0700


Started GET "/assets/jquery_ujs.self-8e98a7a072a6cee1372d19fff9ff3e6aa1e39a37d89d6f06861637d061113ee7.js?body=1" for 127.0.0.1 at 2015-04-16 11:28:20 +0700


Started GET "/assets/turbolinks.self-c37727e9bd6b2735da5c311aa83fead54ed0be6cc8bd9a65309e9c5abe2cbfff.js?body=1" for 127.0.0.1 at 2015-04-16 11:28:20 +0700


Started GET "/assets/application.self-e80e8f2318043e8af94dddc2adad5a4f09739a8ebb323b3ab31cd71d45fd9113.css?body=1" for 127.0.0.1 at 2015-04-16 11:28:20 +0700


Started GET "/assets/application.self-3a3c8b61bda630ee689740ce7cbd0dd8ea6fdd45e2c42eef4661ab38cf268afe.js?body=1" for 127.0.0.1 at 2015-04-16 11:28:20 +0700


Started GET "/" for 127.0.0.1 at 2015-04-16 11:28:47 +0700
Processing by PinsController#index as HTML
  Rendered pins/index.html.erb within layouts/application (0.1ms)
Completed 200 OK in 62ms (Views: 60.3ms | ActiveRecord: 0.0ms)


Started GET "/assets/application.self-e80e8f2318043e8af94dddc2adad5a4f09739a8ebb323b3ab31cd71d45fd9113.css?body=1" for 127.0.0.1 at 2015-04-16 11:28:47 +0700


Started GET "/assets/pins.self-e3b0c44298fc1c149afbf4c8996fb92427ae41e4649b934ca495991b7852b855.css?body=1" for 127.0.0.1 at 2015-04-16 11:28:47 +0700


Started GET "/assets/jquery_ujs.self-8e98a7a072a6cee1372d19fff9ff3e6aa1e39a37d89d6f06861637d061113ee7.js?body=1" for 127.0.0.1 at 2015-04-16 11:28:47 +0700


Started GET "/assets/pins.self-877aef30ae1b040ab8a3aba4e3e309a11d7f2612f44dde450b5c157aa5f95c05.js?body=1" for 127.0.0.1 at 2015-04-16 11:28:47 +0700


Started GET "/assets/turbolinks.self-c37727e9bd6b2735da5c311aa83fead54ed0be6cc8bd9a65309e9c5abe2cbfff.js?body=1" for 127.0.0.1 at 2015-04-16 11:28:47 +0700


Started GET "/assets/jquery.self-d03a5518f45df77341bdbe6201ba3bfa547ebba8ed64f0ea56bfa5f96ea7c074.js?body=1" for 127.0.0.1 at 2015-04-16 11:28:47 +0700


Started GET "/assets/application.self-3a3c8b61bda630ee689740ce7cbd0dd8ea6fdd45e2c42eef4661ab38cf268afe.js?body=1" for 127.0.0.1 at 2015-04-16 11:28:47 +0700


Started GET "/" for 127.0.0.1 at 2015-04-16 11:28:50 +0700
Processing by PinsController#index as HTML
  Rendered pins/index.html.erb within layouts/application (0.1ms)
Completed 200 OK in 81ms (Views: 80.0ms | ActiveRecord: 0.0ms)


Started GET "/assets/application.self-e80e8f2318043e8af94dddc2adad5a4f09739a8ebb323b3ab31cd71d45fd9113.css?body=1" for 127.0.0.1 at 2015-04-16 11:28:50 +0700


Started GET "/assets/pins.self-e3b0c44298fc1c149afbf4c8996fb92427ae41e4649b934ca495991b7852b855.css?body=1" for 127.0.0.1 at 2015-04-16 11:28:50 +0700


Started GET "/assets/turbolinks.self-c37727e9bd6b2735da5c311aa83fead54ed0be6cc8bd9a65309e9c5abe2cbfff.js?body=1" for 127.0.0.1 at 2015-04-16 11:28:50 +0700


Started GET "/assets/jquery.self-d03a5518f45df77341bdbe6201ba3bfa547ebba8ed64f0ea56bfa5f96ea7c074.js?body=1" for 127.0.0.1 at 2015-04-16 11:28:50 +0700


Started GET "/assets/pins.self-877aef30ae1b040ab8a3aba4e3e309a11d7f2612f44dde450b5c157aa5f95c05.js?body=1" for 127.0.0.1 at 2015-04-16 11:28:50 +0700


Started GET "/assets/jquery_ujs.self-8e98a7a072a6cee1372d19fff9ff3e6aa1e39a37d89d6f06861637d061113ee7.js?body=1" for 127.0.0.1 at 2015-04-16 11:28:50 +0700


Started GET "/assets/application.self-3a3c8b61bda630ee689740ce7cbd0dd8ea6fdd45e2c42eef4661ab38cf268afe.js?body=1" for 127.0.0.1 at 2015-04-16 11:28:50 +0700


Started GET "/" for 127.0.0.1 at 2015-04-16 11:29:49 +0700
Processing by PinsController#index as HTML
  Rendered pins/index.html.haml within layouts/application (2.5ms)
Completed 200 OK in 75ms (Views: 74.3ms | ActiveRecord: 0.0ms)


Started GET "/assets/pins.self-e3b0c44298fc1c149afbf4c8996fb92427ae41e4649b934ca495991b7852b855.css?body=1" for 127.0.0.1 at 2015-04-16 11:29:49 +0700


Started GET "/assets/application.self-e80e8f2318043e8af94dddc2adad5a4f09739a8ebb323b3ab31cd71d45fd9113.css?body=1" for 127.0.0.1 at 2015-04-16 11:29:49 +0700


Started GET "/assets/turbolinks.self-c37727e9bd6b2735da5c311aa83fead54ed0be6cc8bd9a65309e9c5abe2cbfff.js?body=1" for 127.0.0.1 at 2015-04-16 11:29:49 +0700


Started GET "/assets/jquery_ujs.self-8e98a7a072a6cee1372d19fff9ff3e6aa1e39a37d89d6f06861637d061113ee7.js?body=1" for 127.0.0.1 at 2015-04-16 11:29:49 +0700


Started GET "/assets/jquery.self-d03a5518f45df77341bdbe6201ba3bfa547ebba8ed64f0ea56bfa5f96ea7c074.js?body=1" for 127.0.0.1 at 2015-04-16 11:29:49 +0700


Started GET "/assets/pins.self-877aef30ae1b040ab8a3aba4e3e309a11d7f2612f44dde450b5c157aa5f95c05.js?body=1" for 127.0.0.1 at 2015-04-16 11:29:49 +0700


Started GET "/assets/application.self-3a3c8b61bda630ee689740ce7cbd0dd8ea6fdd45e2c42eef4661ab38cf268afe.js?body=1" for 127.0.0.1 at 2015-04-16 11:29:49 +0700


Started GET "/pins/new" for 127.0.0.1 at 2015-04-16 11:39:56 +0700
Processing by PinsController#new as HTML
  Rendered pins/_form.html.haml (446.7ms)
  Rendered pins/new.html.haml within layouts/application (450.2ms)
Completed 200 OK in 521ms (Views: 496.6ms | ActiveRecord: 0.9ms)


Started POST "/pins" for 127.0.0.1 at 2015-04-16 11:48:44 +0700

SyntaxError (/home/rickyjanuari/rails/pinpinterest/app/controllers/pins_controller.rb:23: syntax error, unexpected end-of-input, expecting keyword_end):
  app/controllers/pins_controller.rb:23: syntax error, unexpected end-of-input, expecting keyword_end


  Rendered /home/rickyjanuari/.rbenv/versions/2.2.1/lib/ruby/gems/2.2.0/gems/actionpack-4.2.0/lib/action_dispatch/middleware/templates/rescues/_source.erb (9.7ms)
  Rendered /home/rickyjanuari/.rbenv/versions/2.2.1/lib/ruby/gems/2.2.0/gems/actionpack-4.2.0/lib/action_dispatch/middleware/templates/rescues/_trace.html.erb (3.7ms)
  Rendered /home/rickyjanuari/.rbenv/versions/2.2.1/lib/ruby/gems/2.2.0/gems/actionpack-4.2.0/lib/action_dispatch/middleware/templates/rescues/_request_and_response.html.erb (18.3ms)
  Rendered /home/rickyjanuari/.rbenv/versions/2.2.1/lib/ruby/gems/2.2.0/gems/actionpack-4.2.0/lib/action_dispatch/middleware/templates/rescues/diagnostics.html.erb within rescues/layout (82.9ms)
Cannot render console with content type multipart/form-dataAllowed content types: [#<Mime::Type:0x007f3568a71e18 @synonyms=["application/xhtml+xml"], @symbol=:html, @string="text/html">, #<Mime::Type:0x007f3568a71ad0 @synonyms=[], @symbol=:text, @string="text/plain">, #<Mime::Type:0x007f3568a69a38 @synonyms=[], @symbol=:url_encoded_form, @string="application/x-www-form-urlencoded">]


Started POST "/pins" for 127.0.0.1 at 2015-04-16 11:49:12 +0700
Processing by PinsController#create as HTML
  Parameters: {"utf8"=>"✓", "authenticity_token"=>"B+dwwEGDsfdGNe0zeYTK9jMz75S6KHgitqH9bhcGameaw9fAPO+YNIzo3ZDtAEUiO0tkFA9VGH6dhUDdK0AgUg==", "pin"=>{"title"=>"First Pin", "description"=>"kaaakmkm"}, "commit"=>"Create Pin"}
  [1m[35m (12.5ms)[0m  begin transaction
  [1m[36mSQL (45.3ms)[0m  [1mINSERT INTO "pins" ("title", "description", "created_at", "updated_at") VALUES (?, ?, ?, ?)[0m  [["title", "First Pin"], ["description", "kaaakmkm"], ["created_at", "2015-04-16 04:49:13.081300"], ["updated_at", "2015-04-16 04:49:13.081300"]]
  [1m[35m (137.3ms)[0m  commit transaction
Redirected to http://localhost:3000/pins/1
Completed 302 Found in 262ms (ActiveRecord: 196.3ms)


Started GET "/pins/1" for 127.0.0.1 at 2015-04-16 11:49:13 +0700

AbstractController::ActionNotFound (The action 'show' could not be found for PinsController):
  actionpack (4.2.0) lib/abstract_controller/base.rb:132:in `process'
  actionview (4.2.0) lib/action_view/rendering.rb:30:in `process'
  actionpack (4.2.0) lib/action_controller/metal.rb:195:in `dispatch'
  actionpack (4.2.0) lib/action_controller/metal/rack_delegation.rb:13:in `dispatch'
  actionpack (4.2.0) lib/action_controller/metal.rb:236:in `block in action'
  actionpack (4.2.0) lib/action_dispatch/routing/route_set.rb:73:in `call'
  actionpack (4.2.0) lib/action_dispatch/routing/route_set.rb:73:in `dispatch'
  actionpack (4.2.0) lib/action_dispatch/routing/route_set.rb:42:in `serve'
  actionpack (4.2.0) lib/action_dispatch/journey/router.rb:43:in `block in serve'
  actionpack (4.2.0) lib/action_dispatch/journey/router.rb:30:in `each'
  actionpack (4.2.0) lib/action_dispatch/journey/router.rb:30:in `serve'
  actionpack (4.2.0) lib/action_dispatch/routing/route_set.rb:802:in `call'
  rack (1.6.0) lib/rack/etag.rb:24:in `call'
  rack (1.6.0) lib/rack/conditionalget.rb:25:in `call'
  rack (1.6.0) lib/rack/head.rb:13:in `call'
  actionpack (4.2.0) lib/action_dispatch/middleware/params_parser.rb:27:in `call'
  actionpack (4.2.0) lib/action_dispatch/middleware/flash.rb:260:in `call'
  rack (1.6.0) lib/rack/session/abstract/id.rb:225:in `context'
  rack (1.6.0) lib/rack/session/abstract/id.rb:220:in `call'
  actionpack (4.2.0) lib/action_dispatch/middleware/cookies.rb:560:in `call'
  activerecord (4.2.0) lib/active_record/query_cache.rb:36:in `call'
  activerecord (4.2.0) lib/active_record/connection_adapters/abstract/connection_pool.rb:647:in `call'
  activerecord (4.2.0) lib/active_record/migration.rb:378:in `call'
  actionpack (4.2.0) lib/action_dispatch/middleware/callbacks.rb:29:in `block in call'
  activesupport (4.2.0) lib/active_support/callbacks.rb:88:in `call'
  activesupport (4.2.0) lib/active_support/callbacks.rb:88:in `_run_callbacks'
  activesupport (4.2.0) lib/active_support/callbacks.rb:734:in `_run_call_callbacks'
  activesupport (4.2.0) lib/active_support/callbacks.rb:81:in `run_callbacks'
  actionpack (4.2.0) lib/action_dispatch/middleware/callbacks.rb:27:in `call'
  actionpack (4.2.0) lib/action_dispatch/middleware/reloader.rb:73:in `call'
  actionpack (4.2.0) lib/action_dispatch/middleware/remote_ip.rb:78:in `call'
  actionpack (4.2.0) lib/action_dispatch/middleware/debug_exceptions.rb:17:in `call'
  web-console (2.1.2) lib/web_console/middleware.rb:37:in `call'
  actionpack (4.2.0) lib/action_dispatch/middleware/show_exceptions.rb:30:in `call'
  railties (4.2.0) lib/rails/rack/logger.rb:38:in `call_app'
  railties (4.2.0) lib/rails/rack/logger.rb:20:in `block in call'
  activesupport (4.2.0) lib/active_support/tagged_logging.rb:68:in `block in tagged'
  activesupport (4.2.0) lib/active_support/tagged_logging.rb:26:in `tagged'
  activesupport (4.2.0) lib/active_support/tagged_logging.rb:68:in `tagged'
  railties (4.2.0) lib/rails/rack/logger.rb:20:in `call'
  actionpack (4.2.0) lib/action_dispatch/middleware/request_id.rb:21:in `call'
  rack (1.6.0) lib/rack/methodoverride.rb:22:in `call'
  rack (1.6.0) lib/rack/runtime.rb:18:in `call'
  activesupport (4.2.0) lib/active_support/cache/strategy/local_cache_middleware.rb:28:in `call'
  rack (1.6.0) lib/rack/lock.rb:17:in `call'
  actionpack (4.2.0) lib/action_dispatch/middleware/static.rb:113:in `call'
  rack (1.6.0) lib/rack/sendfile.rb:113:in `call'
  railties (4.2.0) lib/rails/engine.rb:518:in `call'
  railties (4.2.0) lib/rails/application.rb:164:in `call'
  rack (1.6.0) lib/rack/lock.rb:17:in `call'
  rack (1.6.0) lib/rack/content_length.rb:15:in `call'
  rack (1.6.0) lib/rack/handler/webrick.rb:89:in `service'
  /home/rickyjanuari/.rbenv/versions/2.2.1/lib/ruby/2.2.0/webrick/httpserver.rb:138:in `service'
  /home/rickyjanuari/.rbenv/versions/2.2.1/lib/ruby/2.2.0/webrick/httpserver.rb:94:in `run'
  /home/rickyjanuari/.rbenv/versions/2.2.1/lib/ruby/2.2.0/webrick/server.rb:294:in `block in start_thread'


  Rendered /home/rickyjanuari/.rbenv/versions/2.2.1/lib/ruby/gems/2.2.0/gems/actionpack-4.2.0/lib/action_dispatch/middleware/templates/rescues/unknown_action.html.erb within rescues/layout (0.8ms)
  Rendered /home/rickyjanuari/.rbenv/versions/2.2.1/lib/ruby/gems/2.2.0/gems/web-console-2.1.2/lib/web_console/templates/_markup.html.erb (0.7ms)
  Rendered /home/rickyjanuari/.rbenv/versions/2.2.1/lib/ruby/gems/2.2.0/gems/web-console-2.1.2/lib/web_console/templates/style.css.erb within layouts/inlined_string (0.9ms)
  Rendered /home/rickyjanuari/.rbenv/versions/2.2.1/lib/ruby/gems/2.2.0/gems/web-console-2.1.2/lib/web_console/templates/_inner_console_markup.html.erb within layouts/inlined_string (0.5ms)
  Rendered /home/rickyjanuari/.rbenv/versions/2.2.1/lib/ruby/gems/2.2.0/gems/web-console-2.1.2/lib/web_console/templates/_prompt_box_markup.html.erb within layouts/inlined_string (0.6ms)
  Rendered /home/rickyjanuari/.rbenv/versions/2.2.1/lib/ruby/gems/2.2.0/gems/web-console-2.1.2/lib/web_console/templates/console.js.erb within layouts/javascript (46.5ms)
  Rendered /home/rickyjanuari/.rbenv/versions/2.2.1/lib/ruby/gems/2.2.0/gems/web-console-2.1.2/lib/web_console/templates/main.js.erb within layouts/javascript (0.5ms)
  Rendered /home/rickyjanuari/.rbenv/versions/2.2.1/lib/ruby/gems/2.2.0/gems/web-console-2.1.2/lib/web_console/templates/error_page.js.erb within layouts/javascript (0.8ms)
  Rendered /home/rickyjanuari/.rbenv/versions/2.2.1/lib/ruby/gems/2.2.0/gems/web-console-2.1.2/lib/web_console/templates/index.html.erb (89.0ms)


Started GET "/pins/1" for 127.0.0.1 at 2015-04-16 11:53:12 +0700
Processing by PinsController#show as HTML
  Parameters: {"id"=>"1"}
  [1m[36mPin Load (0.4ms)[0m  [1mSELECT  "pins".* FROM "pins" WHERE "pins"."id" = ? LIMIT 1[0m  [["id", 1]]
  Rendered pins/show.html.haml within layouts/application (2.0ms)
Completed 200 OK in 276ms (Views: 69.7ms | ActiveRecord: 1.1ms)


Started GET "/assets/application.self-e80e8f2318043e8af94dddc2adad5a4f09739a8ebb323b3ab31cd71d45fd9113.css?body=1" for 127.0.0.1 at 2015-04-16 11:53:12 +0700


Started GET "/assets/pins.self-e3b0c44298fc1c149afbf4c8996fb92427ae41e4649b934ca495991b7852b855.css?body=1" for 127.0.0.1 at 2015-04-16 11:53:12 +0700


Started GET "/assets/jquery_ujs.self-8e98a7a072a6cee1372d19fff9ff3e6aa1e39a37d89d6f06861637d061113ee7.js?body=1" for 127.0.0.1 at 2015-04-16 11:53:12 +0700


Started GET "/assets/turbolinks.self-c37727e9bd6b2735da5c311aa83fead54ed0be6cc8bd9a65309e9c5abe2cbfff.js?body=1" for 127.0.0.1 at 2015-04-16 11:53:12 +0700


Started GET "/assets/pins.self-877aef30ae1b040ab8a3aba4e3e309a11d7f2612f44dde450b5c157aa5f95c05.js?body=1" for 127.0.0.1 at 2015-04-16 11:53:12 +0700


Started GET "/assets/jquery.self-d03a5518f45df77341bdbe6201ba3bfa547ebba8ed64f0ea56bfa5f96ea7c074.js?body=1" for 127.0.0.1 at 2015-04-16 11:53:12 +0700


Started GET "/assets/application.self-3a3c8b61bda630ee689740ce7cbd0dd8ea6fdd45e2c42eef4661ab38cf268afe.js?body=1" for 127.0.0.1 at 2015-04-16 11:53:12 +0700


Started GET "/pins/1" for 127.0.0.1 at 2015-04-16 11:53:33 +0700
Processing by PinsController#show as HTML
  Parameters: {"id"=>"1"}
  [1m[35mPin Load (0.2ms)[0m  SELECT  "pins".* FROM "pins" WHERE "pins"."id" = ? LIMIT 1  [["id", 1]]
  Rendered pins/show.html.haml within layouts/application (2.2ms)
Completed 200 OK in 47ms (Views: 45.0ms | ActiveRecord: 0.2ms)


Started GET "/assets/pins.self-e3b0c44298fc1c149afbf4c8996fb92427ae41e4649b934ca495991b7852b855.css?body=1" for 127.0.0.1 at 2015-04-16 11:53:33 +0700


Started GET "/assets/application.self-e80e8f2318043e8af94dddc2adad5a4f09739a8ebb323b3ab31cd71d45fd9113.css?body=1" for 127.0.0.1 at 2015-04-16 11:53:33 +0700


Started GET "/assets/jquery_ujs.self-8e98a7a072a6cee1372d19fff9ff3e6aa1e39a37d89d6f06861637d061113ee7.js?body=1" for 127.0.0.1 at 2015-04-16 11:53:33 +0700


Started GET "/assets/jquery.self-d03a5518f45df77341bdbe6201ba3bfa547ebba8ed64f0ea56bfa5f96ea7c074.js?body=1" for 127.0.0.1 at 2015-04-16 11:53:33 +0700


Started GET "/assets/pins.self-877aef30ae1b040ab8a3aba4e3e309a11d7f2612f44dde450b5c157aa5f95c05.js?body=1" for 127.0.0.1 at 2015-04-16 11:53:33 +0700


Started GET "/assets/turbolinks.self-c37727e9bd6b2735da5c311aa83fead54ed0be6cc8bd9a65309e9c5abe2cbfff.js?body=1" for 127.0.0.1 at 2015-04-16 11:53:33 +0700


Started GET "/assets/application.self-3a3c8b61bda630ee689740ce7cbd0dd8ea6fdd45e2c42eef4661ab38cf268afe.js?body=1" for 127.0.0.1 at 2015-04-16 11:53:33 +0700


Started GET "/" for 127.0.0.1 at 2015-04-16 11:53:45 +0700
Processing by PinsController#index as HTML
  Rendered pins/index.html.haml within layouts/application (1.2ms)
Completed 200 OK in 60ms (Views: 59.5ms | ActiveRecord: 0.0ms)


Started GET "/" for 127.0.0.1 at 2015-04-16 11:55:35 +0700
Processing by PinsController#index as HTML
  [1m[36mPin Load (1.5ms)[0m  [1mSELECT "pins".* FROM "pins"  ORDER BY create_at DESC[0m
SQLite3::SQLException: no such column: create_at: SELECT "pins".* FROM "pins"  ORDER BY create_at DESC
  Rendered pins/index.html.haml within layouts/application (6.3ms)
Completed 500 Internal Server Error in 17ms

ActionView::Template::Error (SQLite3::SQLException: no such column: create_at: SELECT "pins".* FROM "pins"  ORDER BY create_at DESC):
    1: - @pins.each do |pin|
    2: 	%h2= link_to pin.title, pin
  app/views/pins/index.html.haml:1:in `_app_views_pins_index_html_haml__1186350455204257593_69933681181880'


  Rendered /home/rickyjanuari/.rbenv/versions/2.2.1/lib/ruby/gems/2.2.0/gems/actionpack-4.2.0/lib/action_dispatch/middleware/templates/rescues/_source.erb (15.2ms)
  Rendered /home/rickyjanuari/.rbenv/versions/2.2.1/lib/ruby/gems/2.2.0/gems/actionpack-4.2.0/lib/action_dispatch/middleware/templates/rescues/_trace.html.erb (6.5ms)
  Rendered /home/rickyjanuari/.rbenv/versions/2.2.1/lib/ruby/gems/2.2.0/gems/actionpack-4.2.0/lib/action_dispatch/middleware/templates/rescues/_request_and_response.html.erb (1.6ms)
  Rendered /home/rickyjanuari/.rbenv/versions/2.2.1/lib/ruby/gems/2.2.0/gems/actionpack-4.2.0/lib/action_dispatch/middleware/templates/rescues/template_error.html.erb within rescues/layout (55.0ms)
  Rendered /home/rickyjanuari/.rbenv/versions/2.2.1/lib/ruby/gems/2.2.0/gems/web-console-2.1.2/lib/web_console/templates/_markup.html.erb (0.5ms)
  Rendered /home/rickyjanuari/.rbenv/versions/2.2.1/lib/ruby/gems/2.2.0/gems/web-console-2.1.2/lib/web_console/templates/style.css.erb within layouts/inlined_string (0.5ms)
  Rendered /home/rickyjanuari/.rbenv/versions/2.2.1/lib/ruby/gems/2.2.0/gems/web-console-2.1.2/lib/web_console/templates/_inner_console_markup.html.erb within layouts/inlined_string (0.5ms)
  Rendered /home/rickyjanuari/.rbenv/versions/2.2.1/lib/ruby/gems/2.2.0/gems/web-console-2.1.2/lib/web_console/templates/_prompt_box_markup.html.erb within layouts/inlined_string (0.6ms)
  Rendered /home/rickyjanuari/.rbenv/versions/2.2.1/lib/ruby/gems/2.2.0/gems/web-console-2.1.2/lib/web_console/templates/console.js.erb within layouts/javascript (34.1ms)
  Rendered /home/rickyjanuari/.rbenv/versions/2.2.1/lib/ruby/gems/2.2.0/gems/web-console-2.1.2/lib/web_console/templates/main.js.erb within layouts/javascript (0.6ms)
  Rendered /home/rickyjanuari/.rbenv/versions/2.2.1/lib/ruby/gems/2.2.0/gems/web-console-2.1.2/lib/web_console/templates/error_page.js.erb within layouts/javascript (0.7ms)
  Rendered /home/rickyjanuari/.rbenv/versions/2.2.1/lib/ruby/gems/2.2.0/gems/web-console-2.1.2/lib/web_console/templates/index.html.erb (69.9ms)


Started GET "/" for 127.0.0.1 at 2015-04-16 11:56:25 +0700
Processing by PinsController#index as HTML
  [1m[35mPin Load (1.6ms)[0m  SELECT "pins".* FROM "pins"  ORDER BY create_at DESC
SQLite3::SQLException: no such column: create_at: SELECT "pins".* FROM "pins"  ORDER BY create_at DESC
  Rendered pins/index.html.haml within layouts/application (6.3ms)
Completed 500 Internal Server Error in 10ms

ActionView::Template::Error (SQLite3::SQLException: no such column: create_at: SELECT "pins".* FROM "pins"  ORDER BY create_at DESC):
    1: - @pins.each do |pin|
    2: 	%h2= link_to pin.title, Pin
  app/views/pins/index.html.haml:1:in `_app_views_pins_index_html_haml__1186350455204257593_69933551041560'


  Rendered /home/rickyjanuari/.rbenv/versions/2.2.1/lib/ruby/gems/2.2.0/gems/actionpack-4.2.0/lib/action_dispatch/middleware/templates/rescues/_source.erb (15.9ms)
  Rendered /home/rickyjanuari/.rbenv/versions/2.2.1/lib/ruby/gems/2.2.0/gems/actionpack-4.2.0/lib/action_dispatch/middleware/templates/rescues/_trace.html.erb (6.6ms)
  Rendered /home/rickyjanuari/.rbenv/versions/2.2.1/lib/ruby/gems/2.2.0/gems/actionpack-4.2.0/lib/action_dispatch/middleware/templates/rescues/_request_and_response.html.erb (1.5ms)
  Rendered /home/rickyjanuari/.rbenv/versions/2.2.1/lib/ruby/gems/2.2.0/gems/actionpack-4.2.0/lib/action_dispatch/middleware/templates/rescues/template_error.html.erb within rescues/layout (53.3ms)
  Rendered /home/rickyjanuari/.rbenv/versions/2.2.1/lib/ruby/gems/2.2.0/gems/web-console-2.1.2/lib/web_console/templates/_markup.html.erb (0.6ms)
  Rendered /home/rickyjanuari/.rbenv/versions/2.2.1/lib/ruby/gems/2.2.0/gems/web-console-2.1.2/lib/web_console/templates/style.css.erb within layouts/inlined_string (0.5ms)
  Rendered /home/rickyjanuari/.rbenv/versions/2.2.1/lib/ruby/gems/2.2.0/gems/web-console-2.1.2/lib/web_console/templates/_inner_console_markup.html.erb within layouts/inlined_string (0.5ms)
  Rendered /home/rickyjanuari/.rbenv/versions/2.2.1/lib/ruby/gems/2.2.0/gems/web-console-2.1.2/lib/web_console/templates/_prompt_box_markup.html.erb within layouts/inlined_string (0.5ms)
  Rendered /home/rickyjanuari/.rbenv/versions/2.2.1/lib/ruby/gems/2.2.0/gems/web-console-2.1.2/lib/web_console/templates/console.js.erb within layouts/javascript (32.7ms)
  Rendered /home/rickyjanuari/.rbenv/versions/2.2.1/lib/ruby/gems/2.2.0/gems/web-console-2.1.2/lib/web_console/templates/main.js.erb within layouts/javascript (0.4ms)
  Rendered /home/rickyjanuari/.rbenv/versions/2.2.1/lib/ruby/gems/2.2.0/gems/web-console-2.1.2/lib/web_console/templates/error_page.js.erb within layouts/javascript (0.6ms)
  Rendered /home/rickyjanuari/.rbenv/versions/2.2.1/lib/ruby/gems/2.2.0/gems/web-console-2.1.2/lib/web_console/templates/index.html.erb (65.9ms)


Started GET "/" for 127.0.0.1 at 2015-04-16 11:56:41 +0700
Processing by PinsController#index as HTML
  Rendered pins/index.html.haml within layouts/application (2.4ms)
Completed 500 Internal Server Error in 7ms

ActionView::Template::Error (Indenting at the beginning of the document is illegal.):
    1:  @pins.each do |pin|
    2: 	%h2= link_to pin.title, Pin
  app/views/pins/index.html.haml:1


  Rendered /home/rickyjanuari/.rbenv/versions/2.2.1/lib/ruby/gems/2.2.0/gems/actionpack-4.2.0/lib/action_dispatch/middleware/templates/rescues/_source.erb (14.4ms)
  Rendered /home/rickyjanuari/.rbenv/versions/2.2.1/lib/ruby/gems/2.2.0/gems/actionpack-4.2.0/lib/action_dispatch/middleware/templates/rescues/_trace.html.erb (5.8ms)
  Rendered /home/rickyjanuari/.rbenv/versions/2.2.1/lib/ruby/gems/2.2.0/gems/actionpack-4.2.0/lib/action_dispatch/middleware/templates/rescues/_request_and_response.html.erb (1.6ms)
  Rendered /home/rickyjanuari/.rbenv/versions/2.2.1/lib/ruby/gems/2.2.0/gems/actionpack-4.2.0/lib/action_dispatch/middleware/templates/rescues/template_error.html.erb within rescues/layout (51.1ms)
  Rendered /home/rickyjanuari/.rbenv/versions/2.2.1/lib/ruby/gems/2.2.0/gems/web-console-2.1.2/lib/web_console/templates/_markup.html.erb (0.6ms)
  Rendered /home/rickyjanuari/.rbenv/versions/2.2.1/lib/ruby/gems/2.2.0/gems/web-console-2.1.2/lib/web_console/templates/style.css.erb within layouts/inlined_string (0.6ms)
  Rendered /home/rickyjanuari/.rbenv/versions/2.2.1/lib/ruby/gems/2.2.0/gems/web-console-2.1.2/lib/web_console/templates/_inner_console_markup.html.erb within layouts/inlined_string (0.5ms)
  Rendered /home/rickyjanuari/.rbenv/versions/2.2.1/lib/ruby/gems/2.2.0/gems/web-console-2.1.2/lib/web_console/templates/_prompt_box_markup.html.erb within layouts/inlined_string (0.4ms)
  Rendered /home/rickyjanuari/.rbenv/versions/2.2.1/lib/ruby/gems/2.2.0/gems/web-console-2.1.2/lib/web_console/templates/console.js.erb within layouts/javascript (32.7ms)
  Rendered /home/rickyjanuari/.rbenv/versions/2.2.1/lib/ruby/gems/2.2.0/gems/web-console-2.1.2/lib/web_console/templates/main.js.erb within layouts/javascript (0.5ms)
  Rendered /home/rickyjanuari/.rbenv/versions/2.2.1/lib/ruby/gems/2.2.0/gems/web-console-2.1.2/lib/web_console/templates/error_page.js.erb within layouts/javascript (0.8ms)
  Rendered /home/rickyjanuari/.rbenv/versions/2.2.1/lib/ruby/gems/2.2.0/gems/web-console-2.1.2/lib/web_console/templates/index.html.erb (67.5ms)


Started GET "/" for 127.0.0.1 at 2015-04-16 11:57:16 +0700
Processing by PinsController#index as HTML
  [1m[36mPin Load (1.6ms)[0m  [1mSELECT "pins".* FROM "pins"  ORDER BY create_at DESC[0m
SQLite3::SQLException: no such column: create_at: SELECT "pins".* FROM "pins"  ORDER BY create_at DESC
  Rendered pins/index.html.haml within layouts/application (7.4ms)
Completed 500 Internal Server Error in 11ms

ActionView::Template::Error (SQLite3::SQLException: no such column: create_at: SELECT "pins".* FROM "pins"  ORDER BY create_at DESC):
    1: -@pins.each do |pin|
    2: 	%h2= link_to pin.title, Pin
  app/views/pins/index.html.haml:1:in `_app_views_pins_index_html_haml__1186350455204257593_69933476283480'


  Rendered /home/rickyjanuari/.rbenv/versions/2.2.1/lib/ruby/gems/2.2.0/gems/actionpack-4.2.0/lib/action_dispatch/middleware/templates/rescues/_source.erb (17.1ms)
  Rendered /home/rickyjanuari/.rbenv/versions/2.2.1/lib/ruby/gems/2.2.0/gems/actionpack-4.2.0/lib/action_dispatch/middleware/templates/rescues/_trace.html.erb (6.1ms)
  Rendered /home/rickyjanuari/.rbenv/versions/2.2.1/lib/ruby/gems/2.2.0/gems/actionpack-4.2.0/lib/action_dispatch/middleware/templates/rescues/_request_and_response.html.erb (1.6ms)
  Rendered /home/rickyjanuari/.rbenv/versions/2.2.1/lib/ruby/gems/2.2.0/gems/actionpack-4.2.0/lib/action_dispatch/middleware/templates/rescues/template_error.html.erb within rescues/layout (54.6ms)
  Rendered /home/rickyjanuari/.rbenv/versions/2.2.1/lib/ruby/gems/2.2.0/gems/web-console-2.1.2/lib/web_console/templates/_markup.html.erb (0.5ms)
  Rendered /home/rickyjanuari/.rbenv/versions/2.2.1/lib/ruby/gems/2.2.0/gems/web-console-2.1.2/lib/web_console/templates/style.css.erb within layouts/inlined_string (0.5ms)
  Rendered /home/rickyjanuari/.rbenv/versions/2.2.1/lib/ruby/gems/2.2.0/gems/web-console-2.1.2/lib/web_console/templates/_inner_console_markup.html.erb within layouts/inlined_string (0.5ms)
  Rendered /home/rickyjanuari/.rbenv/versions/2.2.1/lib/ruby/gems/2.2.0/gems/web-console-2.1.2/lib/web_console/templates/_prompt_box_markup.html.erb within layouts/inlined_string (0.5ms)
  Rendered /home/rickyjanuari/.rbenv/versions/2.2.1/lib/ruby/gems/2.2.0/gems/web-console-2.1.2/lib/web_console/templates/console.js.erb within layouts/javascript (32.3ms)
  Rendered /home/rickyjanuari/.rbenv/versions/2.2.1/lib/ruby/gems/2.2.0/gems/web-console-2.1.2/lib/web_console/templates/main.js.erb within layouts/javascript (0.6ms)
  Rendered /home/rickyjanuari/.rbenv/versions/2.2.1/lib/ruby/gems/2.2.0/gems/web-console-2.1.2/lib/web_console/templates/error_page.js.erb within layouts/javascript (0.6ms)
  Rendered /home/rickyjanuari/.rbenv/versions/2.2.1/lib/ruby/gems/2.2.0/gems/web-console-2.1.2/lib/web_console/templates/index.html.erb (66.3ms)


Started GET "/" for 127.0.0.1 at 2015-04-16 11:57:23 +0700
Processing by PinsController#index as HTML
  [1m[35mPin Load (2.2ms)[0m  SELECT "pins".* FROM "pins"  ORDER BY create_at DESC
SQLite3::SQLException: no such column: create_at: SELECT "pins".* FROM "pins"  ORDER BY create_at DESC
  Rendered pins/index.html.haml within layouts/application (8.3ms)
Completed 500 Internal Server Error in 12ms

ActionView::Template::Error (SQLite3::SQLException: no such column: create_at: SELECT "pins".* FROM "pins"  ORDER BY create_at DESC):
    1: -- @pins.each do |pin|
    2: 	%h2= link_to pin.title, Pin
  app/views/pins/index.html.haml:1:in `_app_views_pins_index_html_haml__1186350455204257593_69933445219600'


  Rendered /home/rickyjanuari/.rbenv/versions/2.2.1/lib/ruby/gems/2.2.0/gems/actionpack-4.2.0/lib/action_dispatch/middleware/templates/rescues/_source.erb (15.8ms)
  Rendered /home/rickyjanuari/.rbenv/versions/2.2.1/lib/ruby/gems/2.2.0/gems/actionpack-4.2.0/lib/action_dispatch/middleware/templates/rescues/_trace.html.erb (6.2ms)
  Rendered /home/rickyjanuari/.rbenv/versions/2.2.1/lib/ruby/gems/2.2.0/gems/actionpack-4.2.0/lib/action_dispatch/middleware/templates/rescues/_request_and_response.html.erb (1.7ms)
  Rendered /home/rickyjanuari/.rbenv/versions/2.2.1/lib/ruby/gems/2.2.0/gems/actionpack-4.2.0/lib/action_dispatch/middleware/templates/rescues/template_error.html.erb within rescues/layout (53.0ms)
  Rendered /home/rickyjanuari/.rbenv/versions/2.2.1/lib/ruby/gems/2.2.0/gems/web-console-2.1.2/lib/web_console/templates/_markup.html.erb (0.5ms)
  Rendered /home/rickyjanuari/.rbenv/versions/2.2.1/lib/ruby/gems/2.2.0/gems/web-console-2.1.2/lib/web_console/templates/style.css.erb within layouts/inlined_string (0.6ms)
  Rendered /home/rickyjanuari/.rbenv/versions/2.2.1/lib/ruby/gems/2.2.0/gems/web-console-2.1.2/lib/web_console/templates/_inner_console_markup.html.erb within layouts/inlined_string (0.5ms)
  Rendered /home/rickyjanuari/.rbenv/versions/2.2.1/lib/ruby/gems/2.2.0/gems/web-console-2.1.2/lib/web_console/templates/_prompt_box_markup.html.erb within layouts/inlined_string (0.4ms)
  Rendered /home/rickyjanuari/.rbenv/versions/2.2.1/lib/ruby/gems/2.2.0/gems/web-console-2.1.2/lib/web_console/templates/console.js.erb within layouts/javascript (34.5ms)
  Rendered /home/rickyjanuari/.rbenv/versions/2.2.1/lib/ruby/gems/2.2.0/gems/web-console-2.1.2/lib/web_console/templates/main.js.erb within layouts/javascript (0.5ms)
  Rendered /home/rickyjanuari/.rbenv/versions/2.2.1/lib/ruby/gems/2.2.0/gems/web-console-2.1.2/lib/web_console/templates/error_page.js.erb within layouts/javascript (0.8ms)
  Rendered /home/rickyjanuari/.rbenv/versions/2.2.1/lib/ruby/gems/2.2.0/gems/web-console-2.1.2/lib/web_console/templates/index.html.erb (69.7ms)


Started GET "/" for 127.0.0.1 at 2015-04-16 11:57:30 +0700
Processing by PinsController#index as HTML
  Rendered pins/index.html.haml within layouts/application (7.8ms)
Completed 500 Internal Server Error in 12ms

ActionView::Template::Error (Illegal nesting: nesting within plain text is illegal.):
    1: _@pins.each do |pin|
    2: 	%h2= link_to pin.title, Pin
  app/views/pins/index.html.haml:2


  Rendered /home/rickyjanuari/.rbenv/versions/2.2.1/lib/ruby/gems/2.2.0/gems/actionpack-4.2.0/lib/action_dispatch/middleware/templates/rescues/_source.erb (14.3ms)
  Rendered /home/rickyjanuari/.rbenv/versions/2.2.1/lib/ruby/gems/2.2.0/gems/actionpack-4.2.0/lib/action_dispatch/middleware/templates/rescues/_trace.html.erb (5.4ms)
  Rendered /home/rickyjanuari/.rbenv/versions/2.2.1/lib/ruby/gems/2.2.0/gems/actionpack-4.2.0/lib/action_dispatch/middleware/templates/rescues/_request_and_response.html.erb (1.4ms)
  Rendered /home/rickyjanuari/.rbenv/versions/2.2.1/lib/ruby/gems/2.2.0/gems/actionpack-4.2.0/lib/action_dispatch/middleware/templates/rescues/template_error.html.erb within rescues/layout (52.9ms)
  Rendered /home/rickyjanuari/.rbenv/versions/2.2.1/lib/ruby/gems/2.2.0/gems/web-console-2.1.2/lib/web_console/templates/_markup.html.erb (0.5ms)
  Rendered /home/rickyjanuari/.rbenv/versions/2.2.1/lib/ruby/gems/2.2.0/gems/web-console-2.1.2/lib/web_console/templates/style.css.erb within layouts/inlined_string (0.4ms)
  Rendered /home/rickyjanuari/.rbenv/versions/2.2.1/lib/ruby/gems/2.2.0/gems/web-console-2.1.2/lib/web_console/templates/_inner_console_markup.html.erb within layouts/inlined_string (0.5ms)
  Rendered /home/rickyjanuari/.rbenv/versions/2.2.1/lib/ruby/gems/2.2.0/gems/web-console-2.1.2/lib/web_console/templates/_prompt_box_markup.html.erb within layouts/inlined_string (0.4ms)
  Rendered /home/rickyjanuari/.rbenv/versions/2.2.1/lib/ruby/gems/2.2.0/gems/web-console-2.1.2/lib/web_console/templates/console.js.erb within layouts/javascript (31.5ms)
  Rendered /home/rickyjanuari/.rbenv/versions/2.2.1/lib/ruby/gems/2.2.0/gems/web-console-2.1.2/lib/web_console/templates/main.js.erb within layouts/javascript (0.4ms)
  Rendered /home/rickyjanuari/.rbenv/versions/2.2.1/lib/ruby/gems/2.2.0/gems/web-console-2.1.2/lib/web_console/templates/error_page.js.erb within layouts/javascript (0.8ms)
  Rendered /home/rickyjanuari/.rbenv/versions/2.2.1/lib/ruby/gems/2.2.0/gems/web-console-2.1.2/lib/web_console/templates/index.html.erb (66.2ms)


Started GET "/" for 127.0.0.1 at 2015-04-16 11:58:05 +0700
Processing by PinsController#index as HTML
  Rendered pins/index.html.haml within layouts/application (18.2ms)
Completed 500 Internal Server Error in 24ms

ActionView::Template::Error (Illegal nesting: nesting within plain text is illegal.):
    1: _@pins.each do |pin|
    2: 	%h2= link_to pin.title, pin
  app/views/pins/index.html.haml:2


  Rendered /home/rickyjanuari/.rbenv/versions/2.2.1/lib/ruby/gems/2.2.0/gems/actionpack-4.2.0/lib/action_dispatch/middleware/templates/rescues/_source.erb (18.7ms)
  Rendered /home/rickyjanuari/.rbenv/versions/2.2.1/lib/ruby/gems/2.2.0/gems/actionpack-4.2.0/lib/action_dispatch/middleware/templates/rescues/_trace.html.erb (6.6ms)
  Rendered /home/rickyjanuari/.rbenv/versions/2.2.1/lib/ruby/gems/2.2.0/gems/actionpack-4.2.0/lib/action_dispatch/middleware/templates/rescues/_request_and_response.html.erb (1.6ms)
  Rendered /home/rickyjanuari/.rbenv/versions/2.2.1/lib/ruby/gems/2.2.0/gems/actionpack-4.2.0/lib/action_dispatch/middleware/templates/rescues/template_error.html.erb within rescues/layout (59.3ms)
  Rendered /home/rickyjanuari/.rbenv/versions/2.2.1/lib/ruby/gems/2.2.0/gems/web-console-2.1.2/lib/web_console/templates/_markup.html.erb (0.7ms)
  Rendered /home/rickyjanuari/.rbenv/versions/2.2.1/lib/ruby/gems/2.2.0/gems/web-console-2.1.2/lib/web_console/templates/style.css.erb within layouts/inlined_string (0.7ms)
  Rendered /home/rickyjanuari/.rbenv/versions/2.2.1/lib/ruby/gems/2.2.0/gems/web-console-2.1.2/lib/web_console/templates/_inner_console_markup.html.erb within layouts/inlined_string (0.6ms)
  Rendered /home/rickyjanuari/.rbenv/versions/2.2.1/lib/ruby/gems/2.2.0/gems/web-console-2.1.2/lib/web_console/templates/_prompt_box_markup.html.erb within layouts/inlined_string (0.7ms)
  Rendered /home/rickyjanuari/.rbenv/versions/2.2.1/lib/ruby/gems/2.2.0/gems/web-console-2.1.2/lib/web_console/templates/console.js.erb within layouts/javascript (40.3ms)
  Rendered /home/rickyjanuari/.rbenv/versions/2.2.1/lib/ruby/gems/2.2.0/gems/web-console-2.1.2/lib/web_console/templates/main.js.erb within layouts/javascript (0.7ms)
  Rendered /home/rickyjanuari/.rbenv/versions/2.2.1/lib/ruby/gems/2.2.0/gems/web-console-2.1.2/lib/web_console/templates/error_page.js.erb within layouts/javascript (1.0ms)
  Rendered /home/rickyjanuari/.rbenv/versions/2.2.1/lib/ruby/gems/2.2.0/gems/web-console-2.1.2/lib/web_console/templates/index.html.erb (81.3ms)


Started GET "/" for 127.0.0.1 at 2015-04-16 11:58:44 +0700
Processing by PinsController#index as HTML
  Rendered pins/index.html.haml within layouts/application (2.7ms)
Completed 500 Internal Server Error in 11ms

ActionView::Template::Error (Illegal nesting: nesting within plain text is illegal.):
    1: _@pins.each do |pin|
    2: 	%h2= link_to pin.title, pin
  app/views/pins/index.html.haml:2


  Rendered /home/rickyjanuari/.rbenv/versions/2.2.1/lib/ruby/gems/2.2.0/gems/actionpack-4.2.0/lib/action_dispatch/middleware/templates/rescues/_source.erb (15.1ms)
  Rendered /home/rickyjanuari/.rbenv/versions/2.2.1/lib/ruby/gems/2.2.0/gems/actionpack-4.2.0/lib/action_dispatch/middleware/templates/rescues/_trace.html.erb (6.0ms)
  Rendered /home/rickyjanuari/.rbenv/versions/2.2.1/lib/ruby/gems/2.2.0/gems/actionpack-4.2.0/lib/action_dispatch/middleware/templates/rescues/_request_and_response.html.erb (1.7ms)
  Rendered /home/rickyjanuari/.rbenv/versions/2.2.1/lib/ruby/gems/2.2.0/gems/actionpack-4.2.0/lib/action_dispatch/middleware/templates/rescues/template_error.html.erb within rescues/layout (52.1ms)
  Rendered /home/rickyjanuari/.rbenv/versions/2.2.1/lib/ruby/gems/2.2.0/gems/web-console-2.1.2/lib/web_console/templates/_markup.html.erb (0.5ms)
  Rendered /home/rickyjanuari/.rbenv/versions/2.2.1/lib/ruby/gems/2.2.0/gems/web-console-2.1.2/lib/web_console/templates/style.css.erb within layouts/inlined_string (0.5ms)
  Rendered /home/rickyjanuari/.rbenv/versions/2.2.1/lib/ruby/gems/2.2.0/gems/web-console-2.1.2/lib/web_console/templates/_inner_console_markup.html.erb within layouts/inlined_string (0.6ms)
  Rendered /home/rickyjanuari/.rbenv/versions/2.2.1/lib/ruby/gems/2.2.0/gems/web-console-2.1.2/lib/web_console/templates/_prompt_box_markup.html.erb within layouts/inlined_string (0.4ms)
  Rendered /home/rickyjanuari/.rbenv/versions/2.2.1/lib/ruby/gems/2.2.0/gems/web-console-2.1.2/lib/web_console/templates/console.js.erb within layouts/javascript (32.4ms)
  Rendered /home/rickyjanuari/.rbenv/versions/2.2.1/lib/ruby/gems/2.2.0/gems/web-console-2.1.2/lib/web_console/templates/main.js.erb within layouts/javascript (0.5ms)
  Rendered /home/rickyjanuari/.rbenv/versions/2.2.1/lib/ruby/gems/2.2.0/gems/web-console-2.1.2/lib/web_console/templates/error_page.js.erb within layouts/javascript (0.7ms)
  Rendered /home/rickyjanuari/.rbenv/versions/2.2.1/lib/ruby/gems/2.2.0/gems/web-console-2.1.2/lib/web_console/templates/index.html.erb (66.3ms)


Started GET "/" for 127.0.0.1 at 2015-04-16 11:58:56 +0700
Processing by PinsController#index as HTML
  Rendered pins/index.html.haml within layouts/application (2.2ms)
Completed 500 Internal Server Error in 8ms

ActionView::Template::Error (Illegal nesting: nesting within plain text is illegal.):
    1: _@pins.each do |pin|
    2: 	%h2= link_to Pin.title, pin
  app/views/pins/index.html.haml:2


  Rendered /home/rickyjanuari/.rbenv/versions/2.2.1/lib/ruby/gems/2.2.0/gems/actionpack-4.2.0/lib/action_dispatch/middleware/templates/rescues/_source.erb (23.2ms)
  Rendered /home/rickyjanuari/.rbenv/versions/2.2.1/lib/ruby/gems/2.2.0/gems/actionpack-4.2.0/lib/action_dispatch/middleware/templates/rescues/_trace.html.erb (6.7ms)
  Rendered /home/rickyjanuari/.rbenv/versions/2.2.1/lib/ruby/gems/2.2.0/gems/actionpack-4.2.0/lib/action_dispatch/middleware/templates/rescues/_request_and_response.html.erb (1.8ms)
  Rendered /home/rickyjanuari/.rbenv/versions/2.2.1/lib/ruby/gems/2.2.0/gems/actionpack-4.2.0/lib/action_dispatch/middleware/templates/rescues/template_error.html.erb within rescues/layout (71.0ms)
  Rendered /home/rickyjanuari/.rbenv/versions/2.2.1/lib/ruby/gems/2.2.0/gems/web-console-2.1.2/lib/web_console/templates/_markup.html.erb (0.7ms)
  Rendered /home/rickyjanuari/.rbenv/versions/2.2.1/lib/ruby/gems/2.2.0/gems/web-console-2.1.2/lib/web_console/templates/style.css.erb within layouts/inlined_string (0.5ms)
  Rendered /home/rickyjanuari/.rbenv/versions/2.2.1/lib/ruby/gems/2.2.0/gems/web-console-2.1.2/lib/web_console/templates/_inner_console_markup.html.erb within layouts/inlined_string (0.4ms)
  Rendered /home/rickyjanuari/.rbenv/versions/2.2.1/lib/ruby/gems/2.2.0/gems/web-console-2.1.2/lib/web_console/templates/_prompt_box_markup.html.erb within layouts/inlined_string (0.4ms)
  Rendered /home/rickyjanuari/.rbenv/versions/2.2.1/lib/ruby/gems/2.2.0/gems/web-console-2.1.2/lib/web_console/templates/console.js.erb within layouts/javascript (33.8ms)
  Rendered /home/rickyjanuari/.rbenv/versions/2.2.1/lib/ruby/gems/2.2.0/gems/web-console-2.1.2/lib/web_console/templates/main.js.erb within layouts/javascript (0.5ms)
  Rendered /home/rickyjanuari/.rbenv/versions/2.2.1/lib/ruby/gems/2.2.0/gems/web-console-2.1.2/lib/web_console/templates/error_page.js.erb within layouts/javascript (0.7ms)
  Rendered /home/rickyjanuari/.rbenv/versions/2.2.1/lib/ruby/gems/2.2.0/gems/web-console-2.1.2/lib/web_console/templates/index.html.erb (73.0ms)


Started GET "/" for 127.0.0.1 at 2015-04-16 11:59:55 +0700
Processing by PinsController#index as HTML
  Rendered pins/index.html.haml within layouts/application (2.2ms)
Completed 500 Internal Server Error in 6ms

ActionView::Template::Error (Illegal nesting: nesting within plain text is illegal.):
    1: _@pins.each do |pin|
    2: 	%h2= link_to pin.title, pin
  app/views/pins/index.html.haml:2


  Rendered /home/rickyjanuari/.rbenv/versions/2.2.1/lib/ruby/gems/2.2.0/gems/actionpack-4.2.0/lib/action_dispatch/middleware/templates/rescues/_source.erb (15.2ms)
  Rendered /home/rickyjanuari/.rbenv/versions/2.2.1/lib/ruby/gems/2.2.0/gems/actionpack-4.2.0/lib/action_dispatch/middleware/templates/rescues/_trace.html.erb (5.7ms)
  Rendered /home/rickyjanuari/.rbenv/versions/2.2.1/lib/ruby/gems/2.2.0/gems/actionpack-4.2.0/lib/action_dispatch/middleware/templates/rescues/_request_and_response.html.erb (1.6ms)
  Rendered /home/rickyjanuari/.rbenv/versions/2.2.1/lib/ruby/gems/2.2.0/gems/actionpack-4.2.0/lib/action_dispatch/middleware/templates/rescues/template_error.html.erb within rescues/layout (51.9ms)
  Rendered /home/rickyjanuari/.rbenv/versions/2.2.1/lib/ruby/gems/2.2.0/gems/web-console-2.1.2/lib/web_console/templates/_markup.html.erb (0.5ms)
  Rendered /home/rickyjanuari/.rbenv/versions/2.2.1/lib/ruby/gems/2.2.0/gems/web-console-2.1.2/lib/web_console/templates/style.css.erb within layouts/inlined_string (0.5ms)
  Rendered /home/rickyjanuari/.rbenv/versions/2.2.1/lib/ruby/gems/2.2.0/gems/web-console-2.1.2/lib/web_console/templates/_inner_console_markup.html.erb within layouts/inlined_string (0.4ms)
  Rendered /home/rickyjanuari/.rbenv/versions/2.2.1/lib/ruby/gems/2.2.0/gems/web-console-2.1.2/lib/web_console/templates/_prompt_box_markup.html.erb within layouts/inlined_string (0.6ms)
  Rendered /home/rickyjanuari/.rbenv/versions/2.2.1/lib/ruby/gems/2.2.0/gems/web-console-2.1.2/lib/web_console/templates/console.js.erb within layouts/javascript (34.3ms)
  Rendered /home/rickyjanuari/.rbenv/versions/2.2.1/lib/ruby/gems/2.2.0/gems/web-console-2.1.2/lib/web_console/templates/main.js.erb within layouts/javascript (0.5ms)
  Rendered /home/rickyjanuari/.rbenv/versions/2.2.1/lib/ruby/gems/2.2.0/gems/web-console-2.1.2/lib/web_console/templates/error_page.js.erb within layouts/javascript (0.8ms)
  Rendered /home/rickyjanuari/.rbenv/versions/2.2.1/lib/ruby/gems/2.2.0/gems/web-console-2.1.2/lib/web_console/templates/index.html.erb (71.9ms)


Started GET "/" for 127.0.0.1 at 2015-04-16 12:00:11 +0700
Processing by PinsController#index as HTML
  Rendered pins/index.html.haml within layouts/application (2.1ms)
Completed 500 Internal Server Error in 5ms

ActionView::Template::Error (Illegal nesting: nesting within plain text is illegal.):
    1: _@pins.each do |pin|
    2: 	%h2= link_to pin.title
  app/views/pins/index.html.haml:2


  Rendered /home/rickyjanuari/.rbenv/versions/2.2.1/lib/ruby/gems/2.2.0/gems/actionpack-4.2.0/lib/action_dispatch/middleware/templates/rescues/_source.erb (14.8ms)
  Rendered /home/rickyjanuari/.rbenv/versions/2.2.1/lib/ruby/gems/2.2.0/gems/actionpack-4.2.0/lib/action_dispatch/middleware/templates/rescues/_trace.html.erb (5.9ms)
  Rendered /home/rickyjanuari/.rbenv/versions/2.2.1/lib/ruby/gems/2.2.0/gems/actionpack-4.2.0/lib/action_dispatch/middleware/templates/rescues/_request_and_response.html.erb (1.5ms)
  Rendered /home/rickyjanuari/.rbenv/versions/2.2.1/lib/ruby/gems/2.2.0/gems/actionpack-4.2.0/lib/action_dispatch/middleware/templates/rescues/template_error.html.erb within rescues/layout (51.3ms)
  Rendered /home/rickyjanuari/.rbenv/versions/2.2.1/lib/ruby/gems/2.2.0/gems/web-console-2.1.2/lib/web_console/templates/_markup.html.erb (0.5ms)
  Rendered /home/rickyjanuari/.rbenv/versions/2.2.1/lib/ruby/gems/2.2.0/gems/web-console-2.1.2/lib/web_console/templates/style.css.erb within layouts/inlined_string (0.4ms)
  Rendered /home/rickyjanuari/.rbenv/versions/2.2.1/lib/ruby/gems/2.2.0/gems/web-console-2.1.2/lib/web_console/templates/_inner_console_markup.html.erb within layouts/inlined_string (0.4ms)
  Rendered /home/rickyjanuari/.rbenv/versions/2.2.1/lib/ruby/gems/2.2.0/gems/web-console-2.1.2/lib/web_console/templates/_prompt_box_markup.html.erb within layouts/inlined_string (0.4ms)
  Rendered /home/rickyjanuari/.rbenv/versions/2.2.1/lib/ruby/gems/2.2.0/gems/web-console-2.1.2/lib/web_console/templates/console.js.erb within layouts/javascript (31.2ms)
  Rendered /home/rickyjanuari/.rbenv/versions/2.2.1/lib/ruby/gems/2.2.0/gems/web-console-2.1.2/lib/web_console/templates/main.js.erb within layouts/javascript (0.4ms)
  Rendered /home/rickyjanuari/.rbenv/versions/2.2.1/lib/ruby/gems/2.2.0/gems/web-console-2.1.2/lib/web_console/templates/error_page.js.erb within layouts/javascript (0.6ms)
  Rendered /home/rickyjanuari/.rbenv/versions/2.2.1/lib/ruby/gems/2.2.0/gems/web-console-2.1.2/lib/web_console/templates/index.html.erb (64.7ms)


Started GET "/" for 127.0.0.1 at 2015-04-16 12:01:23 +0700
Processing by PinsController#index as HTML
  Rendered pins/index.html.haml within layouts/application (2.0ms)
Completed 500 Internal Server Error in 11ms

ActionView::Template::Error (Illegal nesting: nesting within plain text is illegal.):
    1: _@pins.each do |pin|
    2: 	%h2= link_to pin.title, pin
  app/views/pins/index.html.haml:2


  Rendered /home/rickyjanuari/.rbenv/versions/2.2.1/lib/ruby/gems/2.2.0/gems/actionpack-4.2.0/lib/action_dispatch/middleware/templates/rescues/_source.erb (15.1ms)
  Rendered /home/rickyjanuari/.rbenv/versions/2.2.1/lib/ruby/gems/2.2.0/gems/actionpack-4.2.0/lib/action_dispatch/middleware/templates/rescues/_trace.html.erb (5.6ms)
  Rendered /home/rickyjanuari/.rbenv/versions/2.2.1/lib/ruby/gems/2.2.0/gems/actionpack-4.2.0/lib/action_dispatch/middleware/templates/rescues/_request_and_response.html.erb (1.5ms)
  Rendered /home/rickyjanuari/.rbenv/versions/2.2.1/lib/ruby/gems/2.2.0/gems/actionpack-4.2.0/lib/action_dispatch/middleware/templates/rescues/template_error.html.erb within rescues/layout (52.9ms)
  Rendered /home/rickyjanuari/.rbenv/versions/2.2.1/lib/ruby/gems/2.2.0/gems/web-console-2.1.2/lib/web_console/templates/_markup.html.erb (0.9ms)
  Rendered /home/rickyjanuari/.rbenv/versions/2.2.1/lib/ruby/gems/2.2.0/gems/web-console-2.1.2/lib/web_console/templates/style.css.erb within layouts/inlined_string (0.5ms)
  Rendered /home/rickyjanuari/.rbenv/versions/2.2.1/lib/ruby/gems/2.2.0/gems/web-console-2.1.2/lib/web_console/templates/_inner_console_markup.html.erb within layouts/inlined_string (0.5ms)
  Rendered /home/rickyjanuari/.rbenv/versions/2.2.1/lib/ruby/gems/2.2.0/gems/web-console-2.1.2/lib/web_console/templates/_prompt_box_markup.html.erb within layouts/inlined_string (0.4ms)
  Rendered /home/rickyjanuari/.rbenv/versions/2.2.1/lib/ruby/gems/2.2.0/gems/web-console-2.1.2/lib/web_console/templates/console.js.erb within layouts/javascript (32.8ms)
  Rendered /home/rickyjanuari/.rbenv/versions/2.2.1/lib/ruby/gems/2.2.0/gems/web-console-2.1.2/lib/web_console/templates/main.js.erb within layouts/javascript (0.6ms)
  Rendered /home/rickyjanuari/.rbenv/versions/2.2.1/lib/ruby/gems/2.2.0/gems/web-console-2.1.2/lib/web_console/templates/error_page.js.erb within layouts/javascript (0.8ms)
  Rendered /home/rickyjanuari/.rbenv/versions/2.2.1/lib/ruby/gems/2.2.0/gems/web-console-2.1.2/lib/web_console/templates/index.html.erb (72.8ms)


Started GET "/" for 127.0.0.1 at 2015-04-16 12:02:20 +0700
Processing by PinsController#index as HTML
  Rendered pins/index.html.haml within layouts/application (2.4ms)
Completed 500 Internal Server Error in 6ms

ActionView::Template::Error (Illegal nesting: nesting within plain text is illegal.):
    1: @pins.each do|pin|
    2: 	%h2= link_to pin.title, pin
  app/views/pins/index.html.haml:2


  Rendered /home/rickyjanuari/.rbenv/versions/2.2.1/lib/ruby/gems/2.2.0/gems/actionpack-4.2.0/lib/action_dispatch/middleware/templates/rescues/_source.erb (15.8ms)
  Rendered /home/rickyjanuari/.rbenv/versions/2.2.1/lib/ruby/gems/2.2.0/gems/actionpack-4.2.0/lib/action_dispatch/middleware/templates/rescues/_trace.html.erb (6.6ms)
  Rendered /home/rickyjanuari/.rbenv/versions/2.2.1/lib/ruby/gems/2.2.0/gems/actionpack-4.2.0/lib/action_dispatch/middleware/templates/rescues/_request_and_response.html.erb (1.6ms)
  Rendered /home/rickyjanuari/.rbenv/versions/2.2.1/lib/ruby/gems/2.2.0/gems/actionpack-4.2.0/lib/action_dispatch/middleware/templates/rescues/template_error.html.erb within rescues/layout (55.7ms)
  Rendered /home/rickyjanuari/.rbenv/versions/2.2.1/lib/ruby/gems/2.2.0/gems/web-console-2.1.2/lib/web_console/templates/_markup.html.erb (0.8ms)
  Rendered /home/rickyjanuari/.rbenv/versions/2.2.1/lib/ruby/gems/2.2.0/gems/web-console-2.1.2/lib/web_console/templates/style.css.erb within layouts/inlined_string (0.6ms)
  Rendered /home/rickyjanuari/.rbenv/versions/2.2.1/lib/ruby/gems/2.2.0/gems/web-console-2.1.2/lib/web_console/templates/_inner_console_markup.html.erb within layouts/inlined_string (0.6ms)
  Rendered /home/rickyjanuari/.rbenv/versions/2.2.1/lib/ruby/gems/2.2.0/gems/web-console-2.1.2/lib/web_console/templates/_prompt_box_markup.html.erb within layouts/inlined_string (0.6ms)
  Rendered /home/rickyjanuari/.rbenv/versions/2.2.1/lib/ruby/gems/2.2.0/gems/web-console-2.1.2/lib/web_console/templates/console.js.erb within layouts/javascript (42.8ms)
  Rendered /home/rickyjanuari/.rbenv/versions/2.2.1/lib/ruby/gems/2.2.0/gems/web-console-2.1.2/lib/web_console/templates/main.js.erb within layouts/javascript (0.6ms)
  Rendered /home/rickyjanuari/.rbenv/versions/2.2.1/lib/ruby/gems/2.2.0/gems/web-console-2.1.2/lib/web_console/templates/error_page.js.erb within layouts/javascript (0.8ms)
  Rendered /home/rickyjanuari/.rbenv/versions/2.2.1/lib/ruby/gems/2.2.0/gems/web-console-2.1.2/lib/web_console/templates/index.html.erb (88.1ms)


Started GET "/" for 127.0.0.1 at 2015-04-16 12:02:35 +0700
Processing by PinsController#index as HTML
  [1m[36mPin Load (0.7ms)[0m  [1mSELECT "pins".* FROM "pins"  ORDER BY created_at DESC[0m
  Rendered pins/index.html.haml within layouts/application (10.6ms)
Completed 200 OK in 55ms (Views: 52.2ms | ActiveRecord: 1.3ms)


Started GET "/assets/pins.self-e3b0c44298fc1c149afbf4c8996fb92427ae41e4649b934ca495991b7852b855.css?body=1" for 127.0.0.1 at 2015-04-16 12:02:35 +0700


Started GET "/assets/application.self-e80e8f2318043e8af94dddc2adad5a4f09739a8ebb323b3ab31cd71d45fd9113.css?body=1" for 127.0.0.1 at 2015-04-16 12:02:35 +0700


Started GET "/assets/jquery_ujs.self-8e98a7a072a6cee1372d19fff9ff3e6aa1e39a37d89d6f06861637d061113ee7.js?body=1" for 127.0.0.1 at 2015-04-16 12:02:35 +0700


Started GET "/assets/jquery.self-d03a5518f45df77341bdbe6201ba3bfa547ebba8ed64f0ea56bfa5f96ea7c074.js?body=1" for 127.0.0.1 at 2015-04-16 12:02:35 +0700


Started GET "/assets/turbolinks.self-c37727e9bd6b2735da5c311aa83fead54ed0be6cc8bd9a65309e9c5abe2cbfff.js?body=1" for 127.0.0.1 at 2015-04-16 12:02:35 +0700


Started GET "/assets/pins.self-877aef30ae1b040ab8a3aba4e3e309a11d7f2612f44dde450b5c157aa5f95c05.js?body=1" for 127.0.0.1 at 2015-04-16 12:02:35 +0700


Started GET "/assets/application.self-3a3c8b61bda630ee689740ce7cbd0dd8ea6fdd45e2c42eef4661ab38cf268afe.js?body=1" for 127.0.0.1 at 2015-04-16 12:02:35 +0700


Started GET "/pins/1" for 127.0.0.1 at 2015-04-16 12:02:41 +0700
Processing by PinsController#show as HTML
  Parameters: {"id"=>"1"}
  [1m[35mPin Load (0.4ms)[0m  SELECT  "pins".* FROM "pins" WHERE "pins"."id" = ? LIMIT 1  [["id", 1]]
  Rendered pins/show.html.haml within layouts/application (2.0ms)
Completed 200 OK in 45ms (Views: 42.0ms | ActiveRecord: 0.4ms)


Started GET "/" for 127.0.0.1 at 2015-04-16 12:02:42 +0700
Processing by PinsController#index as HTML
  [1m[36mPin Load (0.4ms)[0m  [1mSELECT "pins".* FROM "pins"  ORDER BY created_at DESC[0m
  Rendered pins/index.html.haml within layouts/application (3.6ms)
Completed 200 OK in 47ms (Views: 45.7ms | ActiveRecord: 0.4ms)


Started GET "/pins/1" for 127.0.0.1 at 2015-04-16 12:04:56 +0700
Processing by PinsController#show as HTML
  Parameters: {"id"=>"1"}
  [1m[35mPin Load (0.2ms)[0m  SELECT  "pins".* FROM "pins" WHERE "pins"."id" = ? LIMIT 1  [["id", 1]]
  Rendered pins/show.html.haml within layouts/application (0.5ms)
Completed 200 OK in 56ms (Views: 46.7ms | ActiveRecord: 0.9ms)


Started GET "/pins/1" for 127.0.0.1 at 2015-04-16 12:06:40 +0700
Processing by PinsController#show as HTML
  Parameters: {"id"=>"1"}
  [1m[36mPin Load (0.2ms)[0m  [1mSELECT  "pins".* FROM "pins" WHERE "pins"."id" = ? LIMIT 1[0m  [["id", 1]]
  Rendered pins/show.html.haml within layouts/application (2.7ms)
Completed 200 OK in 65ms (Views: 63.1ms | ActiveRecord: 0.2ms)


Started GET "/assets/application.self-e80e8f2318043e8af94dddc2adad5a4f09739a8ebb323b3ab31cd71d45fd9113.css?body=1" for 127.0.0.1 at 2015-04-16 12:06:40 +0700


Started GET "/assets/pins.self-e3b0c44298fc1c149afbf4c8996fb92427ae41e4649b934ca495991b7852b855.css?body=1" for 127.0.0.1 at 2015-04-16 12:06:40 +0700


Started GET "/assets/turbolinks.self-c37727e9bd6b2735da5c311aa83fead54ed0be6cc8bd9a65309e9c5abe2cbfff.js?body=1" for 127.0.0.1 at 2015-04-16 12:06:40 +0700


Started GET "/assets/jquery_ujs.self-8e98a7a072a6cee1372d19fff9ff3e6aa1e39a37d89d6f06861637d061113ee7.js?body=1" for 127.0.0.1 at 2015-04-16 12:06:40 +0700


Started GET "/assets/pins.self-877aef30ae1b040ab8a3aba4e3e309a11d7f2612f44dde450b5c157aa5f95c05.js?body=1" for 127.0.0.1 at 2015-04-16 12:06:40 +0700


Started GET "/assets/jquery.self-d03a5518f45df77341bdbe6201ba3bfa547ebba8ed64f0ea56bfa5f96ea7c074.js?body=1" for 127.0.0.1 at 2015-04-16 12:06:40 +0700


Started GET "/assets/application.self-3a3c8b61bda630ee689740ce7cbd0dd8ea6fdd45e2c42eef4661ab38cf268afe.js?body=1" for 127.0.0.1 at 2015-04-16 12:06:40 +0700


Started GET "/pins/1/edit" for 127.0.0.1 at 2015-04-16 12:06:42 +0700
Processing by PinsController#edit as HTML
  Parameters: {"id"=>"1"}
  [1m[35mPin Load (0.2ms)[0m  SELECT  "pins".* FROM "pins" WHERE "pins"."id" = ? LIMIT 1  [["id", 1]]
  Rendered pins/_form.html.haml (17.6ms)
  Rendered pins/edit.html.haml within layouts/application (20.9ms)
Completed 200 OK in 64ms (Views: 62.0ms | ActiveRecord: 0.2ms)


Started PATCH "/pins/1" for 127.0.0.1 at 2015-04-16 12:06:44 +0700
Processing by PinsController#update as HTML
  Parameters: {"utf8"=>"✓", "authenticity_token"=>"w/SPNjLqUCELv44bJtOK7KiJf7RmYaRvs5zgwz4xVc9e0Cg2T4Z54sFivriyVwU4oPH0NNMcxDOYuF1wAncf+g==", "pin"=>{"title"=>"First Pin", "description"=>"kaaakmkm"}, "commit"=>"Update Pin", "id"=>"1"}
  [1m[36mPin Load (0.2ms)[0m  [1mSELECT  "pins".* FROM "pins" WHERE "pins"."id" = ? LIMIT 1[0m  [["id", 1]]
  [1m[35m (0.1ms)[0m  begin transaction
  [1m[36m (0.1ms)[0m  [1mcommit transaction[0m
Redirected to http://localhost:3000/pins/1
Completed 302 Found in 43ms (ActiveRecord: 0.4ms)


Started GET "/pins/1" for 127.0.0.1 at 2015-04-16 12:06:44 +0700
Processing by PinsController#show as HTML
  Parameters: {"id"=>"1"}
  [1m[35mPin Load (0.2ms)[0m  SELECT  "pins".* FROM "pins" WHERE "pins"."id" = ? LIMIT 1  [["id", 1]]
  Rendered pins/show.html.haml within layouts/application (0.9ms)
Completed 200 OK in 58ms (Views: 56.0ms | ActiveRecord: 0.2ms)


Started GET "/pins/1/edit" for 127.0.0.1 at 2015-04-16 12:06:45 +0700
Processing by PinsController#edit as HTML
  Parameters: {"id"=>"1"}
  [1m[36mPin Load (0.2ms)[0m  [1mSELECT  "pins".* FROM "pins" WHERE "pins"."id" = ? LIMIT 1[0m  [["id", 1]]
  Rendered pins/_form.html.haml (13.4ms)
  Rendered pins/edit.html.haml within layouts/application (15.2ms)
Completed 200 OK in 59ms (Views: 57.7ms | ActiveRecord: 0.2ms)


Started GET "/pins/1" for 127.0.0.1 at 2015-04-16 12:06:46 +0700
Processing by PinsController#show as HTML
  Parameters: {"id"=>"1"}
  [1m[35mPin Load (0.2ms)[0m  SELECT  "pins".* FROM "pins" WHERE "pins"."id" = ? LIMIT 1  [["id", 1]]
  Rendered pins/show.html.haml within layouts/application (3.2ms)
Completed 200 OK in 51ms (Views: 49.2ms | ActiveRecord: 0.2ms)


Started GET "/" for 127.0.0.1 at 2015-04-16 12:06:47 +0700
Processing by PinsController#index as HTML
  [1m[36mPin Load (0.3ms)[0m  [1mSELECT "pins".* FROM "pins"  ORDER BY created_at DESC[0m
  Rendered pins/index.html.haml within layouts/application (1.5ms)
Completed 200 OK in 45ms (Views: 43.3ms | ActiveRecord: 0.3ms)


Started GET "/" for 127.0.0.1 at 2015-04-16 12:19:14 +0700
Processing by PinsController#index as HTML
  [1m[35mPin Load (0.5ms)[0m  SELECT "pins".* FROM "pins"  ORDER BY created_at DESC
  Rendered pins/index.html.haml within layouts/application (8.1ms)
Completed 200 OK in 61ms (Views: 57.2ms | ActiveRecord: 0.9ms)


Started GET "/assets/pins.self-e3b0c44298fc1c149afbf4c8996fb92427ae41e4649b934ca495991b7852b855.css?body=1" for 127.0.0.1 at 2015-04-16 12:19:14 +0700


Started GET "/assets/application.self-e80e8f2318043e8af94dddc2adad5a4f09739a8ebb323b3ab31cd71d45fd9113.css?body=1" for 127.0.0.1 at 2015-04-16 12:19:14 +0700


Started GET "/assets/jquery.self-d03a5518f45df77341bdbe6201ba3bfa547ebba8ed64f0ea56bfa5f96ea7c074.js?body=1" for 127.0.0.1 at 2015-04-16 12:19:14 +0700


Started GET "/assets/jquery_ujs.self-8e98a7a072a6cee1372d19fff9ff3e6aa1e39a37d89d6f06861637d061113ee7.js?body=1" for 127.0.0.1 at 2015-04-16 12:19:14 +0700


Started GET "/assets/turbolinks.self-c37727e9bd6b2735da5c311aa83fead54ed0be6cc8bd9a65309e9c5abe2cbfff.js?body=1" for 127.0.0.1 at 2015-04-16 12:19:14 +0700


Started GET "/assets/application.self-3a3c8b61bda630ee689740ce7cbd0dd8ea6fdd45e2c42eef4661ab38cf268afe.js?body=1" for 127.0.0.1 at 2015-04-16 12:19:14 +0700


Started GET "/assets/pins.self-877aef30ae1b040ab8a3aba4e3e309a11d7f2612f44dde450b5c157aa5f95c05.js?body=1" for 127.0.0.1 at 2015-04-16 12:19:14 +0700


Started GET "/pins/1" for 127.0.0.1 at 2015-04-16 12:19:16 +0700
Processing by PinsController#show as HTML
  Parameters: {"id"=>"1"}
  [1m[36mPin Load (0.3ms)[0m  [1mSELECT  "pins".* FROM "pins" WHERE "pins"."id" = ? LIMIT 1[0m  [["id", 1]]
  Rendered pins/show.html.haml within layouts/application (3.3ms)
Completed 200 OK in 53ms (Views: 49.7ms | ActiveRecord: 0.3ms)


Started GET "/pins/1" for 127.0.0.1 at 2015-04-16 12:20:15 +0700
Processing by PinsController#show as HTML
  Parameters: {"id"=>"1"}
  [1m[35mPin Load (0.1ms)[0m  SELECT  "pins".* FROM "pins" WHERE "pins"."id" = ? LIMIT 1  [["id", 1]]
  Rendered pins/show.html.haml within layouts/application (3.3ms)
Completed 200 OK in 45ms (Views: 43.4ms | ActiveRecord: 0.1ms)


Started GET "/assets/application.self-e80e8f2318043e8af94dddc2adad5a4f09739a8ebb323b3ab31cd71d45fd9113.css?body=1" for 127.0.0.1 at 2015-04-16 12:20:15 +0700


Started GET "/assets/pins.self-e3b0c44298fc1c149afbf4c8996fb92427ae41e4649b934ca495991b7852b855.css?body=1" for 127.0.0.1 at 2015-04-16 12:20:15 +0700


Started GET "/assets/jquery.self-d03a5518f45df77341bdbe6201ba3bfa547ebba8ed64f0ea56bfa5f96ea7c074.js?body=1" for 127.0.0.1 at 2015-04-16 12:20:15 +0700


Started GET "/assets/turbolinks.self-c37727e9bd6b2735da5c311aa83fead54ed0be6cc8bd9a65309e9c5abe2cbfff.js?body=1" for 127.0.0.1 at 2015-04-16 12:20:15 +0700


Started GET "/assets/jquery_ujs.self-8e98a7a072a6cee1372d19fff9ff3e6aa1e39a37d89d6f06861637d061113ee7.js?body=1" for 127.0.0.1 at 2015-04-16 12:20:15 +0700


Started GET "/assets/pins.self-877aef30ae1b040ab8a3aba4e3e309a11d7f2612f44dde450b5c157aa5f95c05.js?body=1" for 127.0.0.1 at 2015-04-16 12:20:15 +0700


Started GET "/assets/application.self-3a3c8b61bda630ee689740ce7cbd0dd8ea6fdd45e2c42eef4661ab38cf268afe.js?body=1" for 127.0.0.1 at 2015-04-16 12:20:15 +0700


Started GET "/" for 127.0.0.1 at 2015-04-16 12:20:17 +0700
Processing by PinsController#index as HTML
  [1m[36mPin Load (0.3ms)[0m  [1mSELECT "pins".* FROM "pins"  ORDER BY created_at DESC[0m
  Rendered pins/index.html.haml within layouts/application (3.1ms)
Completed 200 OK in 44ms (Views: 43.2ms | ActiveRecord: 0.3ms)


Started GET "/pins/new" for 127.0.0.1 at 2015-04-16 12:20:17 +0700
Processing by PinsController#new as HTML
  Rendered pins/_form.html.haml (12.9ms)
  Rendered pins/new.html.haml within layouts/application (16.5ms)
Completed 200 OK in 67ms (Views: 66.3ms | ActiveRecord: 0.0ms)


Started GET "/" for 127.0.0.1 at 2015-04-16 12:20:19 +0700
Processing by PinsController#index as HTML
  [1m[35mPin Load (0.4ms)[0m  SELECT "pins".* FROM "pins"  ORDER BY created_at DESC
  Rendered pins/index.html.haml within layouts/application (1.9ms)
Completed 200 OK in 59ms (Views: 57.0ms | ActiveRecord: 0.4ms)


Started GET "/" for 127.0.0.1 at 2015-04-16 12:20:19 +0700
Processing by PinsController#index as HTML
  [1m[36mPin Load (0.3ms)[0m  [1mSELECT "pins".* FROM "pins"  ORDER BY created_at DESC[0m
  Rendered pins/index.html.haml within layouts/application (1.6ms)
Completed 200 OK in 54ms (Views: 52.9ms | ActiveRecord: 0.3ms)
  [1m[36mActiveRecord::SchemaMigration Load (0.3ms)[0m  [1mSELECT "schema_migrations".* FROM "schema_migrations"[0m
Migrating to DeviseCreateUsers (20150416052849)
  [1m[35m (0.2ms)[0m  begin transaction
DEPRECATION WARNING: `#timestamp` was called without specifying an option for `null`. In Rails 5, this behavior will change to `null: false`. You should manually specify `null: true` to prevent the behavior of your existing migrations from changing. (called from block in change at /home/rickyjanuari/rails/pinpinterest/db/migrate/20150416052849_devise_create_users.rb:34)
  [1m[36m (21.7ms)[0m  [1mCREATE TABLE "users" ("id" INTEGER PRIMARY KEY AUTOINCREMENT NOT NULL, "email" varchar DEFAULT '' NOT NULL, "encrypted_password" varchar DEFAULT '' NOT NULL, "reset_password_token" varchar, "reset_password_sent_at" datetime, "remember_created_at" datetime, "sign_in_count" integer DEFAULT 0 NOT NULL, "current_sign_in_at" datetime, "last_sign_in_at" datetime, "current_sign_in_ip" varchar, "last_sign_in_ip" varchar, "created_at" datetime, "updated_at" datetime) [0m
  [1m[35m (0.2ms)[0m  select sqlite_version(*)
  [1m[36m (0.5ms)[0m  [1mCREATE UNIQUE INDEX "index_users_on_email" ON "users" ("email")[0m
  [1m[35m (0.1ms)[0m              SELECT sql
            FROM sqlite_master
            WHERE name='index_users_on_email' AND type='index'
            UNION ALL
            SELECT sql
            FROM sqlite_temp_master
            WHERE name='index_users_on_email' AND type='index'

  [1m[36m (0.3ms)[0m  [1mCREATE UNIQUE INDEX "index_users_on_reset_password_token" ON "users" ("reset_password_token")[0m
  [1m[35mSQL (1.5ms)[0m  INSERT INTO "schema_migrations" ("version") VALUES (?)  [["version", "20150416052849"]]
  [1m[36m (196.0ms)[0m  [1mcommit transaction[0m
  [1m[35mActiveRecord::SchemaMigration Load (0.2ms)[0m  SELECT "schema_migrations".* FROM "schema_migrations"
  [1m[36m (0.2ms)[0m  [1m            SELECT sql
            FROM sqlite_master
            WHERE name='index_users_on_reset_password_token' AND type='index'
            UNION ALL
            SELECT sql
            FROM sqlite_temp_master
            WHERE name='index_users_on_reset_password_token' AND type='index'
[0m
  [1m[35m (0.2ms)[0m              SELECT sql
            FROM sqlite_master
            WHERE name='index_users_on_email' AND type='index'
            UNION ALL
            SELECT sql
            FROM sqlite_temp_master
            WHERE name='index_users_on_email' AND type='index'



Started GET "/users/signup" for 127.0.0.1 at 2015-04-16 12:31:19 +0700
  [1m[36mActiveRecord::SchemaMigration Load (0.3ms)[0m  [1mSELECT "schema_migrations".* FROM "schema_migrations"[0m

ActionController::RoutingError (No route matches [GET] "/users/signup"):
  actionpack (4.2.0) lib/action_dispatch/middleware/debug_exceptions.rb:21:in `call'
  web-console (2.1.2) lib/web_console/middleware.rb:37:in `call'
  actionpack (4.2.0) lib/action_dispatch/middleware/show_exceptions.rb:30:in `call'
  railties (4.2.0) lib/rails/rack/logger.rb:38:in `call_app'
  railties (4.2.0) lib/rails/rack/logger.rb:20:in `block in call'
  activesupport (4.2.0) lib/active_support/tagged_logging.rb:68:in `block in tagged'
  activesupport (4.2.0) lib/active_support/tagged_logging.rb:26:in `tagged'
  activesupport (4.2.0) lib/active_support/tagged_logging.rb:68:in `tagged'
  railties (4.2.0) lib/rails/rack/logger.rb:20:in `call'
  actionpack (4.2.0) lib/action_dispatch/middleware/request_id.rb:21:in `call'
  rack (1.6.0) lib/rack/methodoverride.rb:22:in `call'
  rack (1.6.0) lib/rack/runtime.rb:18:in `call'
  activesupport (4.2.0) lib/active_support/cache/strategy/local_cache_middleware.rb:28:in `call'
  rack (1.6.0) lib/rack/lock.rb:17:in `call'
  actionpack (4.2.0) lib/action_dispatch/middleware/static.rb:113:in `call'
  rack (1.6.0) lib/rack/sendfile.rb:113:in `call'
  railties (4.2.0) lib/rails/engine.rb:518:in `call'
  railties (4.2.0) lib/rails/application.rb:164:in `call'
  rack (1.6.0) lib/rack/lock.rb:17:in `call'
  rack (1.6.0) lib/rack/content_length.rb:15:in `call'
  rack (1.6.0) lib/rack/handler/webrick.rb:89:in `service'
  /home/rickyjanuari/.rbenv/versions/2.2.1/lib/ruby/2.2.0/webrick/httpserver.rb:138:in `service'
  /home/rickyjanuari/.rbenv/versions/2.2.1/lib/ruby/2.2.0/webrick/httpserver.rb:94:in `run'
  /home/rickyjanuari/.rbenv/versions/2.2.1/lib/ruby/2.2.0/webrick/server.rb:294:in `block in start_thread'


  Rendered /home/rickyjanuari/.rbenv/versions/2.2.1/lib/ruby/gems/2.2.0/gems/actionpack-4.2.0/lib/action_dispatch/middleware/templates/rescues/_trace.html.erb (3.5ms)
  Rendered /home/rickyjanuari/.rbenv/versions/2.2.1/lib/ruby/gems/2.2.0/gems/actionpack-4.2.0/lib/action_dispatch/middleware/templates/routes/_route.html.erb (4.1ms)
  Rendered /home/rickyjanuari/.rbenv/versions/2.2.1/lib/ruby/gems/2.2.0/gems/actionpack-4.2.0/lib/action_dispatch/middleware/templates/routes/_table.html.erb (6.1ms)
  Rendered /home/rickyjanuari/.rbenv/versions/2.2.1/lib/ruby/gems/2.2.0/gems/actionpack-4.2.0/lib/action_dispatch/middleware/templates/rescues/_request_and_response.html.erb (29.9ms)
  Rendered /home/rickyjanuari/.rbenv/versions/2.2.1/lib/ruby/gems/2.2.0/gems/actionpack-4.2.0/lib/action_dispatch/middleware/templates/rescues/routing_error.html.erb within rescues/layout (113.8ms)
  Rendered /home/rickyjanuari/.rbenv/versions/2.2.1/lib/ruby/gems/2.2.0/gems/web-console-2.1.2/lib/web_console/templates/_markup.html.erb (1.3ms)
  Rendered /home/rickyjanuari/.rbenv/versions/2.2.1/lib/ruby/gems/2.2.0/gems/web-console-2.1.2/lib/web_console/templates/style.css.erb within layouts/inlined_string (0.6ms)
  Rendered /home/rickyjanuari/.rbenv/versions/2.2.1/lib/ruby/gems/2.2.0/gems/web-console-2.1.2/lib/web_console/templates/_inner_console_markup.html.erb within layouts/inlined_string (1.5ms)
  Rendered /home/rickyjanuari/.rbenv/versions/2.2.1/lib/ruby/gems/2.2.0/gems/web-console-2.1.2/lib/web_console/templates/_prompt_box_markup.html.erb within layouts/inlined_string (0.5ms)
  Rendered /home/rickyjanuari/.rbenv/versions/2.2.1/lib/ruby/gems/2.2.0/gems/web-console-2.1.2/lib/web_console/templates/console.js.erb within layouts/javascript (49.2ms)
  Rendered /home/rickyjanuari/.rbenv/versions/2.2.1/lib/ruby/gems/2.2.0/gems/web-console-2.1.2/lib/web_console/templates/main.js.erb within layouts/javascript (0.6ms)
  Rendered /home/rickyjanuari/.rbenv/versions/2.2.1/lib/ruby/gems/2.2.0/gems/web-console-2.1.2/lib/web_console/templates/error_page.js.erb within layouts/javascript (0.8ms)
  Rendered /home/rickyjanuari/.rbenv/versions/2.2.1/lib/ruby/gems/2.2.0/gems/web-console-2.1.2/lib/web_console/templates/index.html.erb (105.9ms)


Started GET "/user/signup" for 127.0.0.1 at 2015-04-16 12:31:28 +0700

ActionController::RoutingError (No route matches [GET] "/user/signup"):
  actionpack (4.2.0) lib/action_dispatch/middleware/debug_exceptions.rb:21:in `call'
  web-console (2.1.2) lib/web_console/middleware.rb:37:in `call'
  actionpack (4.2.0) lib/action_dispatch/middleware/show_exceptions.rb:30:in `call'
  railties (4.2.0) lib/rails/rack/logger.rb:38:in `call_app'
  railties (4.2.0) lib/rails/rack/logger.rb:20:in `block in call'
  activesupport (4.2.0) lib/active_support/tagged_logging.rb:68:in `block in tagged'
  activesupport (4.2.0) lib/active_support/tagged_logging.rb:26:in `tagged'
  activesupport (4.2.0) lib/active_support/tagged_logging.rb:68:in `tagged'
  railties (4.2.0) lib/rails/rack/logger.rb:20:in `call'
  actionpack (4.2.0) lib/action_dispatch/middleware/request_id.rb:21:in `call'
  rack (1.6.0) lib/rack/methodoverride.rb:22:in `call'
  rack (1.6.0) lib/rack/runtime.rb:18:in `call'
  activesupport (4.2.0) lib/active_support/cache/strategy/local_cache_middleware.rb:28:in `call'
  rack (1.6.0) lib/rack/lock.rb:17:in `call'
  actionpack (4.2.0) lib/action_dispatch/middleware/static.rb:113:in `call'
  rack (1.6.0) lib/rack/sendfile.rb:113:in `call'
  railties (4.2.0) lib/rails/engine.rb:518:in `call'
  railties (4.2.0) lib/rails/application.rb:164:in `call'
  rack (1.6.0) lib/rack/lock.rb:17:in `call'
  rack (1.6.0) lib/rack/content_length.rb:15:in `call'
  rack (1.6.0) lib/rack/handler/webrick.rb:89:in `service'
  /home/rickyjanuari/.rbenv/versions/2.2.1/lib/ruby/2.2.0/webrick/httpserver.rb:138:in `service'
  /home/rickyjanuari/.rbenv/versions/2.2.1/lib/ruby/2.2.0/webrick/httpserver.rb:94:in `run'
  /home/rickyjanuari/.rbenv/versions/2.2.1/lib/ruby/2.2.0/webrick/server.rb:294:in `block in start_thread'


  Rendered /home/rickyjanuari/.rbenv/versions/2.2.1/lib/ruby/gems/2.2.0/gems/actionpack-4.2.0/lib/action_dispatch/middleware/templates/rescues/_trace.html.erb (2.4ms)
  Rendered /home/rickyjanuari/.rbenv/versions/2.2.1/lib/ruby/gems/2.2.0/gems/actionpack-4.2.0/lib/action_dispatch/middleware/templates/routes/_route.html.erb (4.4ms)
  Rendered /home/rickyjanuari/.rbenv/versions/2.2.1/lib/ruby/gems/2.2.0/gems/actionpack-4.2.0/lib/action_dispatch/middleware/templates/routes/_table.html.erb (2.3ms)
  Rendered /home/rickyjanuari/.rbenv/versions/2.2.1/lib/ruby/gems/2.2.0/gems/actionpack-4.2.0/lib/action_dispatch/middleware/templates/rescues/_request_and_response.html.erb (2.1ms)
  Rendered /home/rickyjanuari/.rbenv/versions/2.2.1/lib/ruby/gems/2.2.0/gems/actionpack-4.2.0/lib/action_dispatch/middleware/templates/rescues/routing_error.html.erb within rescues/layout (71.0ms)
  Rendered /home/rickyjanuari/.rbenv/versions/2.2.1/lib/ruby/gems/2.2.0/gems/web-console-2.1.2/lib/web_console/templates/_markup.html.erb (0.6ms)
  Rendered /home/rickyjanuari/.rbenv/versions/2.2.1/lib/ruby/gems/2.2.0/gems/web-console-2.1.2/lib/web_console/templates/style.css.erb within layouts/inlined_string (0.4ms)
  Rendered /home/rickyjanuari/.rbenv/versions/2.2.1/lib/ruby/gems/2.2.0/gems/web-console-2.1.2/lib/web_console/templates/_inner_console_markup.html.erb within layouts/inlined_string (0.6ms)
  Rendered /home/rickyjanuari/.rbenv/versions/2.2.1/lib/ruby/gems/2.2.0/gems/web-console-2.1.2/lib/web_console/templates/_prompt_box_markup.html.erb within layouts/inlined_string (0.6ms)
  Rendered /home/rickyjanuari/.rbenv/versions/2.2.1/lib/ruby/gems/2.2.0/gems/web-console-2.1.2/lib/web_console/templates/console.js.erb within layouts/javascript (38.7ms)
  Rendered /home/rickyjanuari/.rbenv/versions/2.2.1/lib/ruby/gems/2.2.0/gems/web-console-2.1.2/lib/web_console/templates/main.js.erb within layouts/javascript (0.6ms)
  Rendered /home/rickyjanuari/.rbenv/versions/2.2.1/lib/ruby/gems/2.2.0/gems/web-console-2.1.2/lib/web_console/templates/error_page.js.erb within layouts/javascript (0.9ms)
  Rendered /home/rickyjanuari/.rbenv/versions/2.2.1/lib/ruby/gems/2.2.0/gems/web-console-2.1.2/lib/web_console/templates/index.html.erb (80.9ms)


Started GET "/user/sign_up" for 127.0.0.1 at 2015-04-16 12:37:31 +0700

ActionController::RoutingError (No route matches [GET] "/user/sign_up"):
  actionpack (4.2.0) lib/action_dispatch/middleware/debug_exceptions.rb:21:in `call'
  web-console (2.1.2) lib/web_console/middleware.rb:37:in `call'
  actionpack (4.2.0) lib/action_dispatch/middleware/show_exceptions.rb:30:in `call'
  railties (4.2.0) lib/rails/rack/logger.rb:38:in `call_app'
  railties (4.2.0) lib/rails/rack/logger.rb:20:in `block in call'
  activesupport (4.2.0) lib/active_support/tagged_logging.rb:68:in `block in tagged'
  activesupport (4.2.0) lib/active_support/tagged_logging.rb:26:in `tagged'
  activesupport (4.2.0) lib/active_support/tagged_logging.rb:68:in `tagged'
  railties (4.2.0) lib/rails/rack/logger.rb:20:in `call'
  actionpack (4.2.0) lib/action_dispatch/middleware/request_id.rb:21:in `call'
  rack (1.6.0) lib/rack/methodoverride.rb:22:in `call'
  rack (1.6.0) lib/rack/runtime.rb:18:in `call'
  activesupport (4.2.0) lib/active_support/cache/strategy/local_cache_middleware.rb:28:in `call'
  rack (1.6.0) lib/rack/lock.rb:17:in `call'
  actionpack (4.2.0) lib/action_dispatch/middleware/static.rb:113:in `call'
  rack (1.6.0) lib/rack/sendfile.rb:113:in `call'
  railties (4.2.0) lib/rails/engine.rb:518:in `call'
  railties (4.2.0) lib/rails/application.rb:164:in `call'
  rack (1.6.0) lib/rack/lock.rb:17:in `call'
  rack (1.6.0) lib/rack/content_length.rb:15:in `call'
  rack (1.6.0) lib/rack/handler/webrick.rb:89:in `service'
  /home/rickyjanuari/.rbenv/versions/2.2.1/lib/ruby/2.2.0/webrick/httpserver.rb:138:in `service'
  /home/rickyjanuari/.rbenv/versions/2.2.1/lib/ruby/2.2.0/webrick/httpserver.rb:94:in `run'
  /home/rickyjanuari/.rbenv/versions/2.2.1/lib/ruby/2.2.0/webrick/server.rb:294:in `block in start_thread'


  Rendered /home/rickyjanuari/.rbenv/versions/2.2.1/lib/ruby/gems/2.2.0/gems/actionpack-4.2.0/lib/action_dispatch/middleware/templates/rescues/_trace.html.erb (2.5ms)
  Rendered /home/rickyjanuari/.rbenv/versions/2.2.1/lib/ruby/gems/2.2.0/gems/actionpack-4.2.0/lib/action_dispatch/middleware/templates/routes/_route.html.erb (3.8ms)
  Rendered /home/rickyjanuari/.rbenv/versions/2.2.1/lib/ruby/gems/2.2.0/gems/actionpack-4.2.0/lib/action_dispatch/middleware/templates/routes/_table.html.erb (2.2ms)
  Rendered /home/rickyjanuari/.rbenv/versions/2.2.1/lib/ruby/gems/2.2.0/gems/actionpack-4.2.0/lib/action_dispatch/middleware/templates/rescues/_request_and_response.html.erb (2.4ms)
  Rendered /home/rickyjanuari/.rbenv/versions/2.2.1/lib/ruby/gems/2.2.0/gems/actionpack-4.2.0/lib/action_dispatch/middleware/templates/rescues/routing_error.html.erb within rescues/layout (66.7ms)
  Rendered /home/rickyjanuari/.rbenv/versions/2.2.1/lib/ruby/gems/2.2.0/gems/web-console-2.1.2/lib/web_console/templates/_markup.html.erb (1.0ms)
  Rendered /home/rickyjanuari/.rbenv/versions/2.2.1/lib/ruby/gems/2.2.0/gems/web-console-2.1.2/lib/web_console/templates/style.css.erb within layouts/inlined_string (0.6ms)
  Rendered /home/rickyjanuari/.rbenv/versions/2.2.1/lib/ruby/gems/2.2.0/gems/web-console-2.1.2/lib/web_console/templates/_inner_console_markup.html.erb within layouts/inlined_string (0.6ms)
  Rendered /home/rickyjanuari/.rbenv/versions/2.2.1/lib/ruby/gems/2.2.0/gems/web-console-2.1.2/lib/web_console/templates/_prompt_box_markup.html.erb within layouts/inlined_string (0.4ms)
  Rendered /home/rickyjanuari/.rbenv/versions/2.2.1/lib/ruby/gems/2.2.0/gems/web-console-2.1.2/lib/web_console/templates/console.js.erb within layouts/javascript (36.5ms)
  Rendered /home/rickyjanuari/.rbenv/versions/2.2.1/lib/ruby/gems/2.2.0/gems/web-console-2.1.2/lib/web_console/templates/main.js.erb within layouts/javascript (0.5ms)
  Rendered /home/rickyjanuari/.rbenv/versions/2.2.1/lib/ruby/gems/2.2.0/gems/web-console-2.1.2/lib/web_console/templates/error_page.js.erb within layouts/javascript (0.6ms)
  Rendered /home/rickyjanuari/.rbenv/versions/2.2.1/lib/ruby/gems/2.2.0/gems/web-console-2.1.2/lib/web_console/templates/index.html.erb (78.0ms)


Started GET "/users/sign_up" for 127.0.0.1 at 2015-04-16 12:37:43 +0700
Processing by Devise::RegistrationsController#new as HTML
  Rendered devise/shared/_links.html.erb (9.6ms)
  Rendered devise/registrations/new.html.erb within layouts/application (283.4ms)
Completed 200 OK in 710ms (Views: 688.2ms | ActiveRecord: 0.6ms)


Started POST "/users" for 127.0.0.1 at 2015-04-16 12:38:26 +0700
Processing by Devise::RegistrationsController#create as HTML
  Parameters: {"utf8"=>"✓", "authenticity_token"=>"xpYmv9H0BWDaLrazTQt3gDCqW+IfZRH4R2YN7QcxqMRbsoG/rJgsoxDzhhDZj/hUONLQYqoYcaRsQrBeO3fi8Q==", "user"=>{"email"=>"ricky010193@gmail.com", "password"=>"[FILTERED]", "password_confirmation"=>"[FILTERED]"}, "commit"=>"Sign up"}
  [1m[35m (0.2ms)[0m  begin transaction
  [1m[36mUser Exists (0.3ms)[0m  [1mSELECT  1 AS one FROM "users" WHERE "users"."email" = 'ricky010193@gmail.com' LIMIT 1[0m
  [1m[35mSQL (0.8ms)[0m  INSERT INTO "users" ("email", "encrypted_password", "created_at", "updated_at") VALUES (?, ?, ?, ?)  [["email", "ricky010193@gmail.com"], ["encrypted_password", "$2a$10$PEwu68iDuXMEJ6jz01rT3eZKZB693AUfjYLOzYphfBQU/V/zDCLou"], ["created_at", "2015-04-16 05:38:27.081478"], ["updated_at", "2015-04-16 05:38:27.081478"]]
  [1m[36m (122.0ms)[0m  [1mcommit transaction[0m
  [1m[35m (0.1ms)[0m  begin transaction
  [1m[36mSQL (0.5ms)[0m  [1mUPDATE "users" SET "last_sign_in_at" = ?, "current_sign_in_at" = ?, "last_sign_in_ip" = ?, "current_sign_in_ip" = ?, "sign_in_count" = ?, "updated_at" = ? WHERE "users"."id" = ?[0m  [["last_sign_in_at", "2015-04-16 05:38:27.208267"], ["current_sign_in_at", "2015-04-16 05:38:27.208267"], ["last_sign_in_ip", "127.0.0.1"], ["current_sign_in_ip", "127.0.0.1"], ["sign_in_count", 1], ["updated_at", "2015-04-16 05:38:27.210541"], ["id", 1]]
  [1m[35m (122.3ms)[0m  commit transaction
Redirected to http://localhost:3000/
Completed 302 Found in 514ms (ActiveRecord: 246.2ms)


Started GET "/" for 127.0.0.1 at 2015-04-16 12:38:27 +0700
Processing by PinsController#index as HTML
  [1m[36mPin Load (0.3ms)[0m  [1mSELECT "pins".* FROM "pins"  ORDER BY created_at DESC[0m
  Rendered pins/index.html.haml within layouts/application (8.6ms)
Completed 200 OK in 57ms (Views: 53.8ms | ActiveRecord: 0.6ms)
  [1m[36mActiveRecord::SchemaMigration Load (0.1ms)[0m  [1mSELECT "schema_migrations".* FROM "schema_migrations"[0m
Migrating to AddUserIdToPins (20150416054115)
  [1m[35m (0.1ms)[0m  begin transaction
  [1m[36m (0.6ms)[0m  [1mALTER TABLE "pins" ADD "user_id" integer[0m
  [1m[35m (0.1ms)[0m  select sqlite_version(*)
  [1m[36m (0.3ms)[0m  [1mCREATE  INDEX "index_pins_on_user_id" ON "pins" ("user_id")[0m
  [1m[35mSQL (0.4ms)[0m  INSERT INTO "schema_migrations" ("version") VALUES (?)  [["version", "20150416054115"]]
  [1m[36m (130.6ms)[0m  [1mcommit transaction[0m
  [1m[35mActiveRecord::SchemaMigration Load (0.3ms)[0m  SELECT "schema_migrations".* FROM "schema_migrations"
  [1m[36m (0.2ms)[0m  [1m            SELECT sql
            FROM sqlite_master
            WHERE name='index_pins_on_user_id' AND type='index'
            UNION ALL
            SELECT sql
            FROM sqlite_temp_master
            WHERE name='index_pins_on_user_id' AND type='index'
[0m
  [1m[35m (0.2ms)[0m              SELECT sql
            FROM sqlite_master
            WHERE name='index_users_on_reset_password_token' AND type='index'
            UNION ALL
            SELECT sql
            FROM sqlite_temp_master
            WHERE name='index_users_on_reset_password_token' AND type='index'

  [1m[36m (0.2ms)[0m  [1m            SELECT sql
            FROM sqlite_master
            WHERE name='index_users_on_email' AND type='index'
            UNION ALL
            SELECT sql
            FROM sqlite_temp_master
            WHERE name='index_users_on_email' AND type='index'
[0m
  [1m[36mPin Load (0.4ms)[0m  [1mSELECT  "pins".* FROM "pins"  ORDER BY "pins"."id" ASC LIMIT 1[0m
  [1m[35mUser Load (0.4ms)[0m  SELECT  "users".* FROM "users"  ORDER BY "users"."id" ASC LIMIT 1
  [1m[36m (0.2ms)[0m  [1mbegin transaction[0m
  [1m[35mSQL (1.5ms)[0m  UPDATE "pins" SET "user_id" = ?, "updated_at" = ? WHERE "pins"."id" = ?  [["user_id", 1], ["updated_at", "2015-04-16 05:42:53.018407"], ["id", 1]]
  [1m[36m (117.7ms)[0m  [1mcommit transaction[0m


Started GET "/pins/1" for 127.0.0.1 at 2015-04-16 12:43:45 +0700
  [1m[35mActiveRecord::SchemaMigration Load (0.1ms)[0m  SELECT "schema_migrations".* FROM "schema_migrations"
Processing by PinsController#show as HTML
  Parameters: {"id"=>"1"}
  [1m[36mPin Load (0.4ms)[0m  [1mSELECT  "pins".* FROM "pins" WHERE "pins"."id" = ? LIMIT 1[0m  [["id", 1]]
  [1m[35mUser Load (0.3ms)[0m  SELECT  "users".* FROM "users" WHERE "users"."id" = ? LIMIT 1  [["id", 1]]
  Rendered pins/show.html.haml within layouts/application (39.5ms)
Completed 200 OK in 123ms (Views: 89.9ms | ActiveRecord: 1.8ms)


Started GET "/pins/1" for 127.0.0.1 at 2015-04-16 12:44:29 +0700
Processing by PinsController#show as HTML
  Parameters: {"id"=>"1"}
  [1m[36mPin Load (0.3ms)[0m  [1mSELECT  "pins".* FROM "pins" WHERE "pins"."id" = ? LIMIT 1[0m  [["id", 1]]
  [1m[35mUser Load (0.2ms)[0m  SELECT  "users".* FROM "users" WHERE "users"."id" = ? LIMIT 1  [["id", 1]]
  Rendered pins/show.html.haml within layouts/application (5.4ms)
Completed 200 OK in 99ms (Views: 70.8ms | ActiveRecord: 0.4ms)


Started GET "/assets/jquery.self-d03a5518f45df77341bdbe6201ba3bfa547ebba8ed64f0ea56bfa5f96ea7c074.js?body=1" for 127.0.0.1 at 2015-04-16 12:44:30 +0700


Started GET "/assets/turbolinks.self-c37727e9bd6b2735da5c311aa83fead54ed0be6cc8bd9a65309e9c5abe2cbfff.js?body=1" for 127.0.0.1 at 2015-04-16 12:44:30 +0700


Started GET "/assets/pins.self-877aef30ae1b040ab8a3aba4e3e309a11d7f2612f44dde450b5c157aa5f95c05.js?body=1" for 127.0.0.1 at 2015-04-16 12:44:30 +0700


Started GET "/assets/pins.self-e3b0c44298fc1c149afbf4c8996fb92427ae41e4649b934ca495991b7852b855.css?body=1" for 127.0.0.1 at 2015-04-16 12:44:30 +0700


Started GET "/assets/application.self-e80e8f2318043e8af94dddc2adad5a4f09739a8ebb323b3ab31cd71d45fd9113.css?body=1" for 127.0.0.1 at 2015-04-16 12:44:30 +0700


Started GET "/assets/jquery_ujs.self-8e98a7a072a6cee1372d19fff9ff3e6aa1e39a37d89d6f06861637d061113ee7.js?body=1" for 127.0.0.1 at 2015-04-16 12:44:30 +0700


Started GET "/assets/application.self-3a3c8b61bda630ee689740ce7cbd0dd8ea6fdd45e2c42eef4661ab38cf268afe.js?body=1" for 127.0.0.1 at 2015-04-16 12:44:30 +0700


Started GET "/" for 127.0.0.1 at 2015-04-16 12:50:47 +0700
Processing by PinsController#index as HTML
  [1m[36mPin Load (0.6ms)[0m  [1mSELECT "pins".* FROM "pins"  ORDER BY created_at DESC[0m
  Rendered pins/index.html.haml within layouts/application (13.1ms)
Completed 200 OK in 78ms (Views: 72.5ms | ActiveRecord: 1.1ms)


Started GET "/pins/new" for 127.0.0.1 at 2015-04-16 12:50:48 +0700
Processing by PinsController#new as HTML
  [1m[35mUser Load (0.4ms)[0m  SELECT  "users".* FROM "users" WHERE "users"."id" = ?  ORDER BY "users"."id" ASC LIMIT 1  [["id", 1]]
  Rendered pins/_form.html.haml (16.0ms)
  Rendered pins/new.html.haml within layouts/application (19.3ms)
Completed 200 OK in 110ms (Views: 60.7ms | ActiveRecord: 0.9ms)


Started POST "/pins" for 127.0.0.1 at 2015-04-16 12:51:01 +0700
Processing by PinsController#create as HTML
  Parameters: {"utf8"=>"✓", "authenticity_token"=>"/UNpTX2bjf+64NknaQ8ZGVqM4BuVtQpkaQJIpCVyfrBgZ85NAPekPHA96YT9i5bNUvRrmyDIajhCJvUXGTQ0hQ==", "pin"=>{"title"=>"second Pin", "description"=>"haseum\r\n"}, "commit"=>"Create Pin"}
  [1m[36mUser Load (0.2ms)[0m  [1mSELECT  "users".* FROM "users" WHERE "users"."id" = ?  ORDER BY "users"."id" ASC LIMIT 1[0m  [["id", 1]]
  [1m[35m (0.1ms)[0m  begin transaction
  [1m[36mSQL (0.5ms)[0m  [1mINSERT INTO "pins" ("title", "description", "user_id", "created_at", "updated_at") VALUES (?, ?, ?, ?, ?)[0m  [["title", "second Pin"], ["description", "haseum\r\n"], ["user_id", 1], ["created_at", "2015-04-16 05:51:01.763036"], ["updated_at", "2015-04-16 05:51:01.763036"]]
  [1m[35m (247.0ms)[0m  commit transaction
Redirected to http://localhost:3000/pins/2
Completed 302 Found in 257ms (ActiveRecord: 247.8ms)


Started GET "/pins/2" for 127.0.0.1 at 2015-04-16 12:51:02 +0700
Processing by PinsController#show as HTML
  Parameters: {"id"=>"2"}
  [1m[36mPin Load (0.5ms)[0m  [1mSELECT  "pins".* FROM "pins" WHERE "pins"."id" = ? LIMIT 1[0m  [["id", 2]]
  [1m[35mUser Load (0.4ms)[0m  SELECT  "users".* FROM "users" WHERE "users"."id" = ? LIMIT 1  [["id", 1]]
  Rendered pins/show.html.haml within layouts/application (3.8ms)
Completed 200 OK in 48ms (Views: 44.4ms | ActiveRecord: 0.8ms)


Started GET "/" for 127.0.0.1 at 2015-04-16 12:51:08 +0700
Processing by PinsController#index as HTML
  [1m[36mPin Load (0.3ms)[0m  [1mSELECT "pins".* FROM "pins"  ORDER BY created_at DESC[0m
  Rendered pins/index.html.haml within layouts/application (2.0ms)
Completed 200 OK in 44ms (Views: 42.9ms | ActiveRecord: 0.3ms)
